[inst #1] lui $16,4097
Register Write to Reg: 0x10 Val: 0x10010000
[inst #2] nop 
[inst #3] nop 
[inst #4] nop 
[inst #5] ori $16,$16,0
Register Write to Reg: 0x10 Val: 0x10010000
[inst #6] addiu $8,$0,0
Register Write to Reg: 0x08 Val: 0x00000000
[inst #7] addiu $9,$0,0
Register Write to Reg: 0x09 Val: 0x00000000
[inst #8] addiu $17,$0,11
Register Write to Reg: 0x11 Val: 0x0000000B
[inst #9] addiu $18,$0,11
Register Write to Reg: 0x12 Val: 0x0000000B
[inst #10] add $10,$0,$16
Register Write to Reg: 0x0A Val: 0x10010000
[inst #11] add $11,$0,$16
Register Write to Reg: 0x0B Val: 0x10010000
[inst #12] addi $17,$17,-1
Register Write to Reg: 0x11 Val: 0x0000000A
[inst #13] addiu $9,$0,0
Register Write to Reg: 0x09 Val: 0x00000000
[inst #14] addi $18,$18,-1
Register Write to Reg: 0x12 Val: 0x0000000A
[inst #15] add $11,$0,$16
Register Write to Reg: 0x0B Val: 0x10010000
[inst #16] nop 
[inst #17] nop 
[inst #18] nop 
[inst #19] lw $19,0($11)
Register Write to Reg: 0x13 Val: 0x0000000A
[inst #20] nop 
[inst #21] nop 
[inst #22] nop 
[inst #23] addi $11,$11,4
Register Write to Reg: 0x0B Val: 0x10010004
[inst #24] nop 
[inst #25] nop 
[inst #26] nop 
[inst #27] lw $20,0($11)
Register Write to Reg: 0x14 Val: 0x0000003C
[inst #28] addi $9,$9,1
Register Write to Reg: 0x09 Val: 0x00000001
[inst #29] nop 
[inst #30] nop 
[inst #31] slt $12,$19,$20
Register Write to Reg: 0x0C Val: 0x00000001
[inst #32] nop 
[inst #33] nop 
[inst #34] nop 
[inst #35] bne $12,$0,8
[inst #36] bne $9,$18,-29
[inst #37] nop 
[inst #38] nop 
[inst #39] nop 
[inst #40] lw $19,0($11)
Register Write to Reg: 0x13 Val: 0x0000003C
[inst #41] nop 
[inst #42] nop 
[inst #43] nop 
[inst #44] addi $11,$11,4
Register Write to Reg: 0x0B Val: 0x10010008
[inst #45] nop 
[inst #46] nop 
[inst #47] nop 
[inst #48] lw $20,0($11)
Register Write to Reg: 0x14 Val: 0x00000028
[inst #49] addi $9,$9,1
Register Write to Reg: 0x09 Val: 0x00000002
[inst #50] nop 
[inst #51] nop 
[inst #52] slt $12,$19,$20
Register Write to Reg: 0x0C Val: 0x00000000
[inst #53] nop 
[inst #54] nop 
[inst #55] nop 
[inst #56] bne $12,$0,8
[inst #57] nop 
[inst #58] nop 
[inst #59] sw $19,0($11)
Memory Write to Addr: 0x10010008 Val: 0x0000003C
[inst #60] sw $20,-4($11)
Memory Write to Addr: 0x10010004 Val: 0x00000028
[inst #61] nop 
[inst #62] nop 
[inst #63] nop 
[inst #64] lw $20,0($11)
Register Write to Reg: 0x14 Val: 0x0000003C
[inst #65] bne $9,$18,-29
[inst #66] nop 
[inst #67] nop 
[inst #68] nop 
[inst #69] lw $19,0($11)
Register Write to Reg: 0x13 Val: 0x0000003C
[inst #70] nop 
[inst #71] nop 
[inst #72] nop 
[inst #73] addi $11,$11,4
Register Write to Reg: 0x0B Val: 0x1001000C
[inst #74] nop 
[inst #75] nop 
[inst #76] nop 
[inst #77] lw $20,0($11)
Register Write to Reg: 0x14 Val: 0x00000046
[inst #78] addi $9,$9,1
Register Write to Reg: 0x09 Val: 0x00000003
[inst #79] nop 
[inst #80] nop 
[inst #81] slt $12,$19,$20
Register Write to Reg: 0x0C Val: 0x00000001
[inst #82] nop 
[inst #83] nop 
[inst #84] nop 
[inst #85] bne $12,$0,8
[inst #86] bne $9,$18,-29
[inst #87] nop 
[inst #88] nop 
[inst #89] nop 
[inst #90] lw $19,0($11)
Register Write to Reg: 0x13 Val: 0x00000046
[inst #91] nop 
[inst #92] nop 
[inst #93] nop 
[inst #94] addi $11,$11,4
Register Write to Reg: 0x0B Val: 0x10010010
[inst #95] nop 
[inst #96] nop 
[inst #97] nop 
[inst #98] lw $20,0($11)
Register Write to Reg: 0x14 Val: 0x00000014
[inst #99] addi $9,$9,1
Register Write to Reg: 0x09 Val: 0x00000004
[inst #100] nop 
[inst #101] nop 
[inst #102] slt $12,$19,$20
Register Write to Reg: 0x0C Val: 0x00000000
[inst #103] nop 
[inst #104] nop 
[inst #105] nop 
[inst #106] bne $12,$0,8
[inst #107] nop 
[inst #108] nop 
[inst #109] sw $19,0($11)
Memory Write to Addr: 0x10010010 Val: 0x00000046
[inst #110] sw $20,-4($11)
Memory Write to Addr: 0x1001000C Val: 0x00000014
[inst #111] nop 
[inst #112] nop 
[inst #113] nop 
[inst #114] lw $20,0($11)
Register Write to Reg: 0x14 Val: 0x00000046
[inst #115] bne $9,$18,-29
[inst #116] nop 
[inst #117] nop 
[inst #118] nop 
[inst #119] lw $19,0($11)
Register Write to Reg: 0x13 Val: 0x00000046
[inst #120] nop 
[inst #121] nop 
[inst #122] nop 
[inst #123] addi $11,$11,4
Register Write to Reg: 0x0B Val: 0x10010014
[inst #124] nop 
[inst #125] nop 
[inst #126] nop 
[inst #127] lw $20,0($11)
Register Write to Reg: 0x14 Val: 0x0000001E
[inst #128] addi $9,$9,1
Register Write to Reg: 0x09 Val: 0x00000005
[inst #129] nop 
[inst #130] nop 
[inst #131] slt $12,$19,$20
Register Write to Reg: 0x0C Val: 0x00000000
[inst #132] nop 
[inst #133] nop 
[inst #134] nop 
[inst #135] bne $12,$0,8
[inst #136] nop 
[inst #137] nop 
[inst #138] sw $19,0($11)
Memory Write to Addr: 0x10010014 Val: 0x00000046
[inst #139] sw $20,-4($11)
Memory Write to Addr: 0x10010010 Val: 0x0000001E
[inst #140] nop 
[inst #141] nop 
[inst #142] nop 
[inst #143] lw $20,0($11)
Register Write to Reg: 0x14 Val: 0x00000046
[inst #144] bne $9,$18,-29
[inst #145] nop 
[inst #146] nop 
[inst #147] nop 
[inst #148] lw $19,0($11)
Register Write to Reg: 0x13 Val: 0x00000046
[inst #149] nop 
[inst #150] nop 
[inst #151] nop 
[inst #152] addi $11,$11,4
Register Write to Reg: 0x0B Val: 0x10010018
[inst #153] nop 
[inst #154] nop 
[inst #155] nop 
[inst #156] lw $20,0($11)
Register Write to Reg: 0x14 Val: 0x0000005A
[inst #157] addi $9,$9,1
Register Write to Reg: 0x09 Val: 0x00000006
[inst #158] nop 
[inst #159] nop 
[inst #160] slt $12,$19,$20
Register Write to Reg: 0x0C Val: 0x00000001
[inst #161] nop 
[inst #162] nop 
[inst #163] nop 
[inst #164] bne $12,$0,8
[inst #165] bne $9,$18,-29
[inst #166] nop 
[inst #167] nop 
[inst #168] nop 
[inst #169] lw $19,0($11)
Register Write to Reg: 0x13 Val: 0x0000005A
[inst #170] nop 
[inst #171] nop 
[inst #172] nop 
[inst #173] addi $11,$11,4
Register Write to Reg: 0x0B Val: 0x1001001C
[inst #174] nop 
[inst #175] nop 
[inst #176] nop 
[inst #177] lw $20,0($11)
Register Write to Reg: 0x14 Val: 0x00000064
[inst #178] addi $9,$9,1
Register Write to Reg: 0x09 Val: 0x00000007
[inst #179] nop 
[inst #180] nop 
[inst #181] slt $12,$19,$20
Register Write to Reg: 0x0C Val: 0x00000001
[inst #182] nop 
[inst #183] nop 
[inst #184] nop 
[inst #185] bne $12,$0,8
[inst #186] bne $9,$18,-29
[inst #187] nop 
[inst #188] nop 
[inst #189] nop 
[inst #190] lw $19,0($11)
Register Write to Reg: 0x13 Val: 0x00000064
[inst #191] nop 
[inst #192] nop 
[inst #193] nop 
[inst #194] addi $11,$11,4
Register Write to Reg: 0x0B Val: 0x10010020
[inst #195] nop 
[inst #196] nop 
[inst #197] nop 
[inst #198] lw $20,0($11)
Register Write to Reg: 0x14 Val: 0x00000000
[inst #199] addi $9,$9,1
Register Write to Reg: 0x09 Val: 0x00000008
[inst #200] nop 
[inst #201] nop 
[inst #202] slt $12,$19,$20
Register Write to Reg: 0x0C Val: 0x00000000
[inst #203] nop 
[inst #204] nop 
[inst #205] nop 
[inst #206] bne $12,$0,8
[inst #207] nop 
[inst #208] nop 
[inst #209] sw $19,0($11)
Memory Write to Addr: 0x10010020 Val: 0x00000064
[inst #210] sw $20,-4($11)
Memory Write to Addr: 0x1001001C Val: 0x00000000
[inst #211] nop 
[inst #212] nop 
[inst #213] nop 
[inst #214] lw $20,0($11)
Register Write to Reg: 0x14 Val: 0x00000064
[inst #215] bne $9,$18,-29
[inst #216] nop 
[inst #217] nop 
[inst #218] nop 
[inst #219] lw $19,0($11)
Register Write to Reg: 0x13 Val: 0x00000064
[inst #220] nop 
[inst #221] nop 
[inst #222] nop 
[inst #223] addi $11,$11,4
Register Write to Reg: 0x0B Val: 0x10010024
[inst #224] nop 
[inst #225] nop 
[inst #226] nop 
[inst #227] lw $20,0($11)
Register Write to Reg: 0x14 Val: 0x00000050
[inst #228] addi $9,$9,1
Register Write to Reg: 0x09 Val: 0x00000009
[inst #229] nop 
[inst #230] nop 
[inst #231] slt $12,$19,$20
Register Write to Reg: 0x0C Val: 0x00000000
[inst #232] nop 
[inst #233] nop 
[inst #234] nop 
[inst #235] bne $12,$0,8
[inst #236] nop 
[inst #237] nop 
[inst #238] sw $19,0($11)
Memory Write to Addr: 0x10010024 Val: 0x00000064
[inst #239] sw $20,-4($11)
Memory Write to Addr: 0x10010020 Val: 0x00000050
[inst #240] nop 
[inst #241] nop 
[inst #242] nop 
[inst #243] lw $20,0($11)
Register Write to Reg: 0x14 Val: 0x00000064
[inst #244] bne $9,$18,-29
[inst #245] nop 
[inst #246] nop 
[inst #247] nop 
[inst #248] lw $19,0($11)
Register Write to Reg: 0x13 Val: 0x00000064
[inst #249] nop 
[inst #250] nop 
[inst #251] nop 
[inst #252] addi $11,$11,4
Register Write to Reg: 0x0B Val: 0x10010028
[inst #253] nop 
[inst #254] nop 
[inst #255] nop 
[inst #256] lw $20,0($11)
Register Write to Reg: 0x14 Val: 0x00000032
[inst #257] addi $9,$9,1
Register Write to Reg: 0x09 Val: 0x0000000A
[inst #258] nop 
[inst #259] nop 
[inst #260] slt $12,$19,$20
Register Write to Reg: 0x0C Val: 0x00000000
[inst #261] nop 
[inst #262] nop 
[inst #263] nop 
[inst #264] bne $12,$0,8
[inst #265] nop 
[inst #266] nop 
[inst #267] sw $19,0($11)
Memory Write to Addr: 0x10010028 Val: 0x00000064
[inst #268] sw $20,-4($11)
Memory Write to Addr: 0x10010024 Val: 0x00000032
[inst #269] nop 
[inst #270] nop 
[inst #271] nop 
[inst #272] lw $20,0($11)
Register Write to Reg: 0x14 Val: 0x00000064
[inst #273] bne $9,$18,-29
[inst #274] nop 
[inst #275] nop 
[inst #276] addi $8,$8,1
Register Write to Reg: 0x08 Val: 0x00000001
[inst #277] nop 
[inst #278] nop 
[inst #279] nop 
[inst #280] bne $8,$17,-39
[inst #281] addiu $9,$0,0
Register Write to Reg: 0x09 Val: 0x00000000
[inst #282] addi $18,$18,-1
Register Write to Reg: 0x12 Val: 0x00000009
[inst #283] add $11,$0,$16
Register Write to Reg: 0x0B Val: 0x10010000
[inst #284] nop 
[inst #285] nop 
[inst #286] nop 
[inst #287] lw $19,0($11)
Register Write to Reg: 0x13 Val: 0x0000000A
[inst #288] nop 
[inst #289] nop 
[inst #290] nop 
[inst #291] addi $11,$11,4
Register Write to Reg: 0x0B Val: 0x10010004
[inst #292] nop 
[inst #293] nop 
[inst #294] nop 
[inst #295] lw $20,0($11)
Register Write to Reg: 0x14 Val: 0x00000028
[inst #296] addi $9,$9,1
Register Write to Reg: 0x09 Val: 0x00000001
[inst #297] nop 
[inst #298] nop 
[inst #299] slt $12,$19,$20
Register Write to Reg: 0x0C Val: 0x00000001
[inst #300] nop 
[inst #301] nop 
[inst #302] nop 
[inst #303] bne $12,$0,8
[inst #304] bne $9,$18,-29
[inst #305] nop 
[inst #306] nop 
[inst #307] nop 
[inst #308] lw $19,0($11)
Register Write to Reg: 0x13 Val: 0x00000028
[inst #309] nop 
[inst #310] nop 
[inst #311] nop 
[inst #312] addi $11,$11,4
Register Write to Reg: 0x0B Val: 0x10010008
[inst #313] nop 
[inst #314] nop 
[inst #315] nop 
[inst #316] lw $20,0($11)
Register Write to Reg: 0x14 Val: 0x0000003C
[inst #317] addi $9,$9,1
Register Write to Reg: 0x09 Val: 0x00000002
[inst #318] nop 
[inst #319] nop 
[inst #320] slt $12,$19,$20
Register Write to Reg: 0x0C Val: 0x00000001
[inst #321] nop 
[inst #322] nop 
[inst #323] nop 
[inst #324] bne $12,$0,8
[inst #325] bne $9,$18,-29
[inst #326] nop 
[inst #327] nop 
[inst #328] nop 
[inst #329] lw $19,0($11)
Register Write to Reg: 0x13 Val: 0x0000003C
[inst #330] nop 
[inst #331] nop 
[inst #332] nop 
[inst #333] addi $11,$11,4
Register Write to Reg: 0x0B Val: 0x1001000C
[inst #334] nop 
[inst #335] nop 
[inst #336] nop 
[inst #337] lw $20,0($11)
Register Write to Reg: 0x14 Val: 0x00000014
[inst #338] addi $9,$9,1
Register Write to Reg: 0x09 Val: 0x00000003
[inst #339] nop 
[inst #340] nop 
[inst #341] slt $12,$19,$20
Register Write to Reg: 0x0C Val: 0x00000000
[inst #342] nop 
[inst #343] nop 
[inst #344] nop 
[inst #345] bne $12,$0,8
[inst #346] nop 
[inst #347] nop 
[inst #348] sw $19,0($11)
Memory Write to Addr: 0x1001000C Val: 0x0000003C
[inst #349] sw $20,-4($11)
Memory Write to Addr: 0x10010008 Val: 0x00000014
[inst #350] nop 
[inst #351] nop 
[inst #352] nop 
[inst #353] lw $20,0($11)
Register Write to Reg: 0x14 Val: 0x0000003C
[inst #354] bne $9,$18,-29
[inst #355] nop 
[inst #356] nop 
[inst #357] nop 
[inst #358] lw $19,0($11)
Register Write to Reg: 0x13 Val: 0x0000003C
[inst #359] nop 
[inst #360] nop 
[inst #361] nop 
[inst #362] addi $11,$11,4
Register Write to Reg: 0x0B Val: 0x10010010
[inst #363] nop 
[inst #364] nop 
[inst #365] nop 
[inst #366] lw $20,0($11)
Register Write to Reg: 0x14 Val: 0x0000001E
[inst #367] addi $9,$9,1
Register Write to Reg: 0x09 Val: 0x00000004
[inst #368] nop 
[inst #369] nop 
[inst #370] slt $12,$19,$20
Register Write to Reg: 0x0C Val: 0x00000000
[inst #371] nop 
[inst #372] nop 
[inst #373] nop 
[inst #374] bne $12,$0,8
[inst #375] nop 
[inst #376] nop 
[inst #377] sw $19,0($11)
Memory Write to Addr: 0x10010010 Val: 0x0000003C
[inst #378] sw $20,-4($11)
Memory Write to Addr: 0x1001000C Val: 0x0000001E
[inst #379] nop 
[inst #380] nop 
[inst #381] nop 
[inst #382] lw $20,0($11)
Register Write to Reg: 0x14 Val: 0x0000003C
[inst #383] bne $9,$18,-29
[inst #384] nop 
[inst #385] nop 
[inst #386] nop 
[inst #387] lw $19,0($11)
Register Write to Reg: 0x13 Val: 0x0000003C
[inst #388] nop 
[inst #389] nop 
[inst #390] nop 
[inst #391] addi $11,$11,4
Register Write to Reg: 0x0B Val: 0x10010014
[inst #392] nop 
[inst #393] nop 
[inst #394] nop 
[inst #395] lw $20,0($11)
Register Write to Reg: 0x14 Val: 0x00000046
[inst #396] addi $9,$9,1
Register Write to Reg: 0x09 Val: 0x00000005
[inst #397] nop 
[inst #398] nop 
[inst #399] slt $12,$19,$20
Register Write to Reg: 0x0C Val: 0x00000001
[inst #400] nop 
[inst #401] nop 
[inst #402] nop 
[inst #403] bne $12,$0,8
[inst #404] bne $9,$18,-29
[inst #405] nop 
[inst #406] nop 
[inst #407] nop 
[inst #408] lw $19,0($11)
Register Write to Reg: 0x13 Val: 0x00000046
[inst #409] nop 
[inst #410] nop 
[inst #411] nop 
[inst #412] addi $11,$11,4
Register Write to Reg: 0x0B Val: 0x10010018
[inst #413] nop 
[inst #414] nop 
[inst #415] nop 
[inst #416] lw $20,0($11)
Register Write to Reg: 0x14 Val: 0x0000005A
[inst #417] addi $9,$9,1
Register Write to Reg: 0x09 Val: 0x00000006
[inst #418] nop 
[inst #419] nop 
[inst #420] slt $12,$19,$20
Register Write to Reg: 0x0C Val: 0x00000001
[inst #421] nop 
[inst #422] nop 
[inst #423] nop 
[inst #424] bne $12,$0,8
[inst #425] bne $9,$18,-29
[inst #426] nop 
[inst #427] nop 
[inst #428] nop 
[inst #429] lw $19,0($11)
Register Write to Reg: 0x13 Val: 0x0000005A
[inst #430] nop 
[inst #431] nop 
[inst #432] nop 
[inst #433] addi $11,$11,4
Register Write to Reg: 0x0B Val: 0x1001001C
[inst #434] nop 
[inst #435] nop 
[inst #436] nop 
[inst #437] lw $20,0($11)
Register Write to Reg: 0x14 Val: 0x00000000
[inst #438] addi $9,$9,1
Register Write to Reg: 0x09 Val: 0x00000007
[inst #439] nop 
[inst #440] nop 
[inst #441] slt $12,$19,$20
Register Write to Reg: 0x0C Val: 0x00000000
[inst #442] nop 
[inst #443] nop 
[inst #444] nop 
[inst #445] bne $12,$0,8
[inst #446] nop 
[inst #447] nop 
[inst #448] sw $19,0($11)
Memory Write to Addr: 0x1001001C Val: 0x0000005A
[inst #449] sw $20,-4($11)
Memory Write to Addr: 0x10010018 Val: 0x00000000
[inst #450] nop 
[inst #451] nop 
[inst #452] nop 
[inst #453] lw $20,0($11)
Register Write to Reg: 0x14 Val: 0x0000005A
[inst #454] bne $9,$18,-29
[inst #455] nop 
[inst #456] nop 
[inst #457] nop 
[inst #458] lw $19,0($11)
Register Write to Reg: 0x13 Val: 0x0000005A
[inst #459] nop 
[inst #460] nop 
[inst #461] nop 
[inst #462] addi $11,$11,4
Register Write to Reg: 0x0B Val: 0x10010020
[inst #463] nop 
[inst #464] nop 
[inst #465] nop 
[inst #466] lw $20,0($11)
Register Write to Reg: 0x14 Val: 0x00000050
[inst #467] addi $9,$9,1
Register Write to Reg: 0x09 Val: 0x00000008
[inst #468] nop 
[inst #469] nop 
[inst #470] slt $12,$19,$20
Register Write to Reg: 0x0C Val: 0x00000000
[inst #471] nop 
[inst #472] nop 
[inst #473] nop 
[inst #474] bne $12,$0,8
[inst #475] nop 
[inst #476] nop 
[inst #477] sw $19,0($11)
Memory Write to Addr: 0x10010020 Val: 0x0000005A
[inst #478] sw $20,-4($11)
Memory Write to Addr: 0x1001001C Val: 0x00000050
[inst #479] nop 
[inst #480] nop 
[inst #481] nop 
[inst #482] lw $20,0($11)
Register Write to Reg: 0x14 Val: 0x0000005A
[inst #483] bne $9,$18,-29
[inst #484] nop 
[inst #485] nop 
[inst #486] nop 
[inst #487] lw $19,0($11)
Register Write to Reg: 0x13 Val: 0x0000005A
[inst #488] nop 
[inst #489] nop 
[inst #490] nop 
[inst #491] addi $11,$11,4
Register Write to Reg: 0x0B Val: 0x10010024
[inst #492] nop 
[inst #493] nop 
[inst #494] nop 
[inst #495] lw $20,0($11)
Register Write to Reg: 0x14 Val: 0x00000032
[inst #496] addi $9,$9,1
Register Write to Reg: 0x09 Val: 0x00000009
[inst #497] nop 
[inst #498] nop 
[inst #499] slt $12,$19,$20
Register Write to Reg: 0x0C Val: 0x00000000
[inst #500] nop 
[inst #501] nop 
[inst #502] nop 
[inst #503] bne $12,$0,8
[inst #504] nop 
[inst #505] nop 
[inst #506] sw $19,0($11)
Memory Write to Addr: 0x10010024 Val: 0x0000005A
[inst #507] sw $20,-4($11)
Memory Write to Addr: 0x10010020 Val: 0x00000032
[inst #508] nop 
[inst #509] nop 
[inst #510] nop 
[inst #511] lw $20,0($11)
Register Write to Reg: 0x14 Val: 0x0000005A
[inst #512] bne $9,$18,-29
[inst #513] nop 
[inst #514] nop 
[inst #515] addi $8,$8,1
Register Write to Reg: 0x08 Val: 0x00000002
[inst #516] nop 
[inst #517] nop 
[inst #518] nop 
[inst #519] bne $8,$17,-39
[inst #520] addiu $9,$0,0
Register Write to Reg: 0x09 Val: 0x00000000
[inst #521] addi $18,$18,-1
Register Write to Reg: 0x12 Val: 0x00000008
[inst #522] add $11,$0,$16
Register Write to Reg: 0x0B Val: 0x10010000
[inst #523] nop 
[inst #524] nop 
[inst #525] nop 
[inst #526] lw $19,0($11)
Register Write to Reg: 0x13 Val: 0x0000000A
[inst #527] nop 
[inst #528] nop 
[inst #529] nop 
[inst #530] addi $11,$11,4
Register Write to Reg: 0x0B Val: 0x10010004
[inst #531] nop 
[inst #532] nop 
[inst #533] nop 
[inst #534] lw $20,0($11)
Register Write to Reg: 0x14 Val: 0x00000028
[inst #535] addi $9,$9,1
Register Write to Reg: 0x09 Val: 0x00000001
[inst #536] nop 
[inst #537] nop 
[inst #538] slt $12,$19,$20
Register Write to Reg: 0x0C Val: 0x00000001
[inst #539] nop 
[inst #540] nop 
[inst #541] nop 
[inst #542] bne $12,$0,8
[inst #543] bne $9,$18,-29
[inst #544] nop 
[inst #545] nop 
[inst #546] nop 
[inst #547] lw $19,0($11)
Register Write to Reg: 0x13 Val: 0x00000028
[inst #548] nop 
[inst #549] nop 
[inst #550] nop 
[inst #551] addi $11,$11,4
Register Write to Reg: 0x0B Val: 0x10010008
[inst #552] nop 
[inst #553] nop 
[inst #554] nop 
[inst #555] lw $20,0($11)
Register Write to Reg: 0x14 Val: 0x00000014
[inst #556] addi $9,$9,1
Register Write to Reg: 0x09 Val: 0x00000002
[inst #557] nop 
[inst #558] nop 
[inst #559] slt $12,$19,$20
Register Write to Reg: 0x0C Val: 0x00000000
[inst #560] nop 
[inst #561] nop 
[inst #562] nop 
[inst #563] bne $12,$0,8
[inst #564] nop 
[inst #565] nop 
[inst #566] sw $19,0($11)
Memory Write to Addr: 0x10010008 Val: 0x00000028
[inst #567] sw $20,-4($11)
Memory Write to Addr: 0x10010004 Val: 0x00000014
[inst #568] nop 
[inst #569] nop 
[inst #570] nop 
[inst #571] lw $20,0($11)
Register Write to Reg: 0x14 Val: 0x00000028
[inst #572] bne $9,$18,-29
[inst #573] nop 
[inst #574] nop 
[inst #575] nop 
[inst #576] lw $19,0($11)
Register Write to Reg: 0x13 Val: 0x00000028
[inst #577] nop 
[inst #578] nop 
[inst #579] nop 
[inst #580] addi $11,$11,4
Register Write to Reg: 0x0B Val: 0x1001000C
[inst #581] nop 
[inst #582] nop 
[inst #583] nop 
[inst #584] lw $20,0($11)
Register Write to Reg: 0x14 Val: 0x0000001E
[inst #585] addi $9,$9,1
Register Write to Reg: 0x09 Val: 0x00000003
[inst #586] nop 
[inst #587] nop 
[inst #588] slt $12,$19,$20
Register Write to Reg: 0x0C Val: 0x00000000
[inst #589] nop 
[inst #590] nop 
[inst #591] nop 
[inst #592] bne $12,$0,8
[inst #593] nop 
[inst #594] nop 
[inst #595] sw $19,0($11)
Memory Write to Addr: 0x1001000C Val: 0x00000028
[inst #596] sw $20,-4($11)
Memory Write to Addr: 0x10010008 Val: 0x0000001E
[inst #597] nop 
[inst #598] nop 
[inst #599] nop 
[inst #600] lw $20,0($11)
Register Write to Reg: 0x14 Val: 0x00000028
[inst #601] bne $9,$18,-29
[inst #602] nop 
[inst #603] nop 
[inst #604] nop 
[inst #605] lw $19,0($11)
Register Write to Reg: 0x13 Val: 0x00000028
[inst #606] nop 
[inst #607] nop 
[inst #608] nop 
[inst #609] addi $11,$11,4
Register Write to Reg: 0x0B Val: 0x10010010
[inst #610] nop 
[inst #611] nop 
[inst #612] nop 
[inst #613] lw $20,0($11)
Register Write to Reg: 0x14 Val: 0x0000003C
[inst #614] addi $9,$9,1
Register Write to Reg: 0x09 Val: 0x00000004
[inst #615] nop 
[inst #616] nop 
[inst #617] slt $12,$19,$20
Register Write to Reg: 0x0C Val: 0x00000001
[inst #618] nop 
[inst #619] nop 
[inst #620] nop 
[inst #621] bne $12,$0,8
[inst #622] bne $9,$18,-29
[inst #623] nop 
[inst #624] nop 
[inst #625] nop 
[inst #626] lw $19,0($11)
Register Write to Reg: 0x13 Val: 0x0000003C
[inst #627] nop 
[inst #628] nop 
[inst #629] nop 
[inst #630] addi $11,$11,4
Register Write to Reg: 0x0B Val: 0x10010014
[inst #631] nop 
[inst #632] nop 
[inst #633] nop 
[inst #634] lw $20,0($11)
Register Write to Reg: 0x14 Val: 0x00000046
[inst #635] addi $9,$9,1
Register Write to Reg: 0x09 Val: 0x00000005
[inst #636] nop 
[inst #637] nop 
[inst #638] slt $12,$19,$20
Register Write to Reg: 0x0C Val: 0x00000001
[inst #639] nop 
[inst #640] nop 
[inst #641] nop 
[inst #642] bne $12,$0,8
[inst #643] bne $9,$18,-29
[inst #644] nop 
[inst #645] nop 
[inst #646] nop 
[inst #647] lw $19,0($11)
Register Write to Reg: 0x13 Val: 0x00000046
[inst #648] nop 
[inst #649] nop 
[inst #650] nop 
[inst #651] addi $11,$11,4
Register Write to Reg: 0x0B Val: 0x10010018
[inst #652] nop 
[inst #653] nop 
[inst #654] nop 
[inst #655] lw $20,0($11)
Register Write to Reg: 0x14 Val: 0x00000000
[inst #656] addi $9,$9,1
Register Write to Reg: 0x09 Val: 0x00000006
[inst #657] nop 
[inst #658] nop 
[inst #659] slt $12,$19,$20
Register Write to Reg: 0x0C Val: 0x00000000
[inst #660] nop 
[inst #661] nop 
[inst #662] nop 
[inst #663] bne $12,$0,8
[inst #664] nop 
[inst #665] nop 
[inst #666] sw $19,0($11)
Memory Write to Addr: 0x10010018 Val: 0x00000046
[inst #667] sw $20,-4($11)
Memory Write to Addr: 0x10010014 Val: 0x00000000
[inst #668] nop 
[inst #669] nop 
[inst #670] nop 
[inst #671] lw $20,0($11)
Register Write to Reg: 0x14 Val: 0x00000046
[inst #672] bne $9,$18,-29
[inst #673] nop 
[inst #674] nop 
[inst #675] nop 
[inst #676] lw $19,0($11)
Register Write to Reg: 0x13 Val: 0x00000046
[inst #677] nop 
[inst #678] nop 
[inst #679] nop 
[inst #680] addi $11,$11,4
Register Write to Reg: 0x0B Val: 0x1001001C
[inst #681] nop 
[inst #682] nop 
[inst #683] nop 
[inst #684] lw $20,0($11)
Register Write to Reg: 0x14 Val: 0x00000050
[inst #685] addi $9,$9,1
Register Write to Reg: 0x09 Val: 0x00000007
[inst #686] nop 
[inst #687] nop 
[inst #688] slt $12,$19,$20
Register Write to Reg: 0x0C Val: 0x00000001
[inst #689] nop 
[inst #690] nop 
[inst #691] nop 
[inst #692] bne $12,$0,8
[inst #693] bne $9,$18,-29
[inst #694] nop 
[inst #695] nop 
[inst #696] nop 
[inst #697] lw $19,0($11)
Register Write to Reg: 0x13 Val: 0x00000050
[inst #698] nop 
[inst #699] nop 
[inst #700] nop 
[inst #701] addi $11,$11,4
Register Write to Reg: 0x0B Val: 0x10010020
[inst #702] nop 
[inst #703] nop 
[inst #704] nop 
[inst #705] lw $20,0($11)
Register Write to Reg: 0x14 Val: 0x00000032
[inst #706] addi $9,$9,1
Register Write to Reg: 0x09 Val: 0x00000008
[inst #707] nop 
[inst #708] nop 
[inst #709] slt $12,$19,$20
Register Write to Reg: 0x0C Val: 0x00000000
[inst #710] nop 
[inst #711] nop 
[inst #712] nop 
[inst #713] bne $12,$0,8
[inst #714] nop 
[inst #715] nop 
[inst #716] sw $19,0($11)
Memory Write to Addr: 0x10010020 Val: 0x00000050
[inst #717] sw $20,-4($11)
Memory Write to Addr: 0x1001001C Val: 0x00000032
[inst #718] nop 
[inst #719] nop 
[inst #720] nop 
[inst #721] lw $20,0($11)
Register Write to Reg: 0x14 Val: 0x00000050
[inst #722] bne $9,$18,-29
[inst #723] nop 
[inst #724] nop 
[inst #725] addi $8,$8,1
Register Write to Reg: 0x08 Val: 0x00000003
[inst #726] nop 
[inst #727] nop 
[inst #728] nop 
[inst #729] bne $8,$17,-39
[inst #730] addiu $9,$0,0
Register Write to Reg: 0x09 Val: 0x00000000
[inst #731] addi $18,$18,-1
Register Write to Reg: 0x12 Val: 0x00000007
[inst #732] add $11,$0,$16
Register Write to Reg: 0x0B Val: 0x10010000
[inst #733] nop 
[inst #734] nop 
[inst #735] nop 
[inst #736] lw $19,0($11)
Register Write to Reg: 0x13 Val: 0x0000000A
[inst #737] nop 
[inst #738] nop 
[inst #739] nop 
[inst #740] addi $11,$11,4
Register Write to Reg: 0x0B Val: 0x10010004
[inst #741] nop 
[inst #742] nop 
[inst #743] nop 
[inst #744] lw $20,0($11)
Register Write to Reg: 0x14 Val: 0x00000014
[inst #745] addi $9,$9,1
Register Write to Reg: 0x09 Val: 0x00000001
[inst #746] nop 
[inst #747] nop 
[inst #748] slt $12,$19,$20
Register Write to Reg: 0x0C Val: 0x00000001
[inst #749] nop 
[inst #750] nop 
[inst #751] nop 
[inst #752] bne $12,$0,8
[inst #753] bne $9,$18,-29
[inst #754] nop 
[inst #755] nop 
[inst #756] nop 
[inst #757] lw $19,0($11)
Register Write to Reg: 0x13 Val: 0x00000014
[inst #758] nop 
[inst #759] nop 
[inst #760] nop 
[inst #761] addi $11,$11,4
Register Write to Reg: 0x0B Val: 0x10010008
[inst #762] nop 
[inst #763] nop 
[inst #764] nop 
[inst #765] lw $20,0($11)
Register Write to Reg: 0x14 Val: 0x0000001E
[inst #766] addi $9,$9,1
Register Write to Reg: 0x09 Val: 0x00000002
[inst #767] nop 
[inst #768] nop 
[inst #769] slt $12,$19,$20
Register Write to Reg: 0x0C Val: 0x00000001
[inst #770] nop 
[inst #771] nop 
[inst #772] nop 
[inst #773] bne $12,$0,8
[inst #774] bne $9,$18,-29
[inst #775] nop 
[inst #776] nop 
[inst #777] nop 
[inst #778] lw $19,0($11)
Register Write to Reg: 0x13 Val: 0x0000001E
[inst #779] nop 
[inst #780] nop 
[inst #781] nop 
[inst #782] addi $11,$11,4
Register Write to Reg: 0x0B Val: 0x1001000C
[inst #783] nop 
[inst #784] nop 
[inst #785] nop 
[inst #786] lw $20,0($11)
Register Write to Reg: 0x14 Val: 0x00000028
[inst #787] addi $9,$9,1
Register Write to Reg: 0x09 Val: 0x00000003
[inst #788] nop 
[inst #789] nop 
[inst #790] slt $12,$19,$20
Register Write to Reg: 0x0C Val: 0x00000001
[inst #791] nop 
[inst #792] nop 
[inst #793] nop 
[inst #794] bne $12,$0,8
[inst #795] bne $9,$18,-29
[inst #796] nop 
[inst #797] nop 
[inst #798] nop 
[inst #799] lw $19,0($11)
Register Write to Reg: 0x13 Val: 0x00000028
[inst #800] nop 
[inst #801] nop 
[inst #802] nop 
[inst #803] addi $11,$11,4
Register Write to Reg: 0x0B Val: 0x10010010
[inst #804] nop 
[inst #805] nop 
[inst #806] nop 
[inst #807] lw $20,0($11)
Register Write to Reg: 0x14 Val: 0x0000003C
[inst #808] addi $9,$9,1
Register Write to Reg: 0x09 Val: 0x00000004
[inst #809] nop 
[inst #810] nop 
[inst #811] slt $12,$19,$20
Register Write to Reg: 0x0C Val: 0x00000001
[inst #812] nop 
[inst #813] nop 
[inst #814] nop 
[inst #815] bne $12,$0,8
[inst #816] bne $9,$18,-29
[inst #817] nop 
[inst #818] nop 
[inst #819] nop 
[inst #820] lw $19,0($11)
Register Write to Reg: 0x13 Val: 0x0000003C
[inst #821] nop 
[inst #822] nop 
[inst #823] nop 
[inst #824] addi $11,$11,4
Register Write to Reg: 0x0B Val: 0x10010014
[inst #825] nop 
[inst #826] nop 
[inst #827] nop 
[inst #828] lw $20,0($11)
Register Write to Reg: 0x14 Val: 0x00000000
[inst #829] addi $9,$9,1
Register Write to Reg: 0x09 Val: 0x00000005
[inst #830] nop 
[inst #831] nop 
[inst #832] slt $12,$19,$20
Register Write to Reg: 0x0C Val: 0x00000000
[inst #833] nop 
[inst #834] nop 
[inst #835] nop 
[inst #836] bne $12,$0,8
[inst #837] nop 
[inst #838] nop 
[inst #839] sw $19,0($11)
Memory Write to Addr: 0x10010014 Val: 0x0000003C
[inst #840] sw $20,-4($11)
Memory Write to Addr: 0x10010010 Val: 0x00000000
[inst #841] nop 
[inst #842] nop 
[inst #843] nop 
[inst #844] lw $20,0($11)
Register Write to Reg: 0x14 Val: 0x0000003C
[inst #845] bne $9,$18,-29
[inst #846] nop 
[inst #847] nop 
[inst #848] nop 
[inst #849] lw $19,0($11)
Register Write to Reg: 0x13 Val: 0x0000003C
[inst #850] nop 
[inst #851] nop 
[inst #852] nop 
[inst #853] addi $11,$11,4
Register Write to Reg: 0x0B Val: 0x10010018
[inst #854] nop 
[inst #855] nop 
[inst #856] nop 
[inst #857] lw $20,0($11)
Register Write to Reg: 0x14 Val: 0x00000046
[inst #858] addi $9,$9,1
Register Write to Reg: 0x09 Val: 0x00000006
[inst #859] nop 
[inst #860] nop 
[inst #861] slt $12,$19,$20
Register Write to Reg: 0x0C Val: 0x00000001
[inst #862] nop 
[inst #863] nop 
[inst #864] nop 
[inst #865] bne $12,$0,8
[inst #866] bne $9,$18,-29
[inst #867] nop 
[inst #868] nop 
[inst #869] nop 
[inst #870] lw $19,0($11)
Register Write to Reg: 0x13 Val: 0x00000046
[inst #871] nop 
[inst #872] nop 
[inst #873] nop 
[inst #874] addi $11,$11,4
Register Write to Reg: 0x0B Val: 0x1001001C
[inst #875] nop 
[inst #876] nop 
[inst #877] nop 
[inst #878] lw $20,0($11)
Register Write to Reg: 0x14 Val: 0x00000032
[inst #879] addi $9,$9,1
Register Write to Reg: 0x09 Val: 0x00000007
[inst #880] nop 
[inst #881] nop 
[inst #882] slt $12,$19,$20
Register Write to Reg: 0x0C Val: 0x00000000
[inst #883] nop 
[inst #884] nop 
[inst #885] nop 
[inst #886] bne $12,$0,8
[inst #887] nop 
[inst #888] nop 
[inst #889] sw $19,0($11)
Memory Write to Addr: 0x1001001C Val: 0x00000046
[inst #890] sw $20,-4($11)
Memory Write to Addr: 0x10010018 Val: 0x00000032
[inst #891] nop 
[inst #892] nop 
[inst #893] nop 
[inst #894] lw $20,0($11)
Register Write to Reg: 0x14 Val: 0x00000046
[inst #895] bne $9,$18,-29
[inst #896] nop 
[inst #897] nop 
[inst #898] addi $8,$8,1
Register Write to Reg: 0x08 Val: 0x00000004
[inst #899] nop 
[inst #900] nop 
[inst #901] nop 
[inst #902] bne $8,$17,-39
[inst #903] addiu $9,$0,0
Register Write to Reg: 0x09 Val: 0x00000000
[inst #904] addi $18,$18,-1
Register Write to Reg: 0x12 Val: 0x00000006
[inst #905] add $11,$0,$16
Register Write to Reg: 0x0B Val: 0x10010000
[inst #906] nop 
[inst #907] nop 
[inst #908] nop 
[inst #909] lw $19,0($11)
Register Write to Reg: 0x13 Val: 0x0000000A
[inst #910] nop 
[inst #911] nop 
[inst #912] nop 
[inst #913] addi $11,$11,4
Register Write to Reg: 0x0B Val: 0x10010004
[inst #914] nop 
[inst #915] nop 
[inst #916] nop 
[inst #917] lw $20,0($11)
Register Write to Reg: 0x14 Val: 0x00000014
[inst #918] addi $9,$9,1
Register Write to Reg: 0x09 Val: 0x00000001
[inst #919] nop 
[inst #920] nop 
[inst #921] slt $12,$19,$20
Register Write to Reg: 0x0C Val: 0x00000001
[inst #922] nop 
[inst #923] nop 
[inst #924] nop 
[inst #925] bne $12,$0,8
[inst #926] bne $9,$18,-29
[inst #927] nop 
[inst #928] nop 
[inst #929] nop 
[inst #930] lw $19,0($11)
Register Write to Reg: 0x13 Val: 0x00000014
[inst #931] nop 
[inst #932] nop 
[inst #933] nop 
[inst #934] addi $11,$11,4
Register Write to Reg: 0x0B Val: 0x10010008
[inst #935] nop 
[inst #936] nop 
[inst #937] nop 
[inst #938] lw $20,0($11)
Register Write to Reg: 0x14 Val: 0x0000001E
[inst #939] addi $9,$9,1
Register Write to Reg: 0x09 Val: 0x00000002
[inst #940] nop 
[inst #941] nop 
[inst #942] slt $12,$19,$20
Register Write to Reg: 0x0C Val: 0x00000001
[inst #943] nop 
[inst #944] nop 
[inst #945] nop 
[inst #946] bne $12,$0,8
[inst #947] bne $9,$18,-29
[inst #948] nop 
[inst #949] nop 
[inst #950] nop 
[inst #951] lw $19,0($11)
Register Write to Reg: 0x13 Val: 0x0000001E
[inst #952] nop 
[inst #953] nop 
[inst #954] nop 
[inst #955] addi $11,$11,4
Register Write to Reg: 0x0B Val: 0x1001000C
[inst #956] nop 
[inst #957] nop 
[inst #958] nop 
[inst #959] lw $20,0($11)
Register Write to Reg: 0x14 Val: 0x00000028
[inst #960] addi $9,$9,1
Register Write to Reg: 0x09 Val: 0x00000003
[inst #961] nop 
[inst #962] nop 
[inst #963] slt $12,$19,$20
Register Write to Reg: 0x0C Val: 0x00000001
[inst #964] nop 
[inst #965] nop 
[inst #966] nop 
[inst #967] bne $12,$0,8
[inst #968] bne $9,$18,-29
[inst #969] nop 
[inst #970] nop 
[inst #971] nop 
[inst #972] lw $19,0($11)
Register Write to Reg: 0x13 Val: 0x00000028
[inst #973] nop 
[inst #974] nop 
[inst #975] nop 
[inst #976] addi $11,$11,4
Register Write to Reg: 0x0B Val: 0x10010010
[inst #977] nop 
[inst #978] nop 
[inst #979] nop 
[inst #980] lw $20,0($11)
Register Write to Reg: 0x14 Val: 0x00000000
[inst #981] addi $9,$9,1
Register Write to Reg: 0x09 Val: 0x00000004
[inst #982] nop 
[inst #983] nop 
[inst #984] slt $12,$19,$20
Register Write to Reg: 0x0C Val: 0x00000000
[inst #985] nop 
[inst #986] nop 
[inst #987] nop 
[inst #988] bne $12,$0,8
[inst #989] nop 
[inst #990] nop 
[inst #991] sw $19,0($11)
Memory Write to Addr: 0x10010010 Val: 0x00000028
[inst #992] sw $20,-4($11)
Memory Write to Addr: 0x1001000C Val: 0x00000000
[inst #993] nop 
[inst #994] nop 
[inst #995] nop 
[inst #996] lw $20,0($11)
Register Write to Reg: 0x14 Val: 0x00000028
[inst #997] bne $9,$18,-29
[inst #998] nop 
[inst #999] nop 
[inst #1000] nop 
[inst #1001] lw $19,0($11)
Register Write to Reg: 0x13 Val: 0x00000028
[inst #1002] nop 
[inst #1003] nop 
[inst #1004] nop 
[inst #1005] addi $11,$11,4
Register Write to Reg: 0x0B Val: 0x10010014
[inst #1006] nop 
[inst #1007] nop 
[inst #1008] nop 
[inst #1009] lw $20,0($11)
Register Write to Reg: 0x14 Val: 0x0000003C
[inst #1010] addi $9,$9,1
Register Write to Reg: 0x09 Val: 0x00000005
[inst #1011] nop 
[inst #1012] nop 
[inst #1013] slt $12,$19,$20
Register Write to Reg: 0x0C Val: 0x00000001
[inst #1014] nop 
[inst #1015] nop 
[inst #1016] nop 
[inst #1017] bne $12,$0,8
[inst #1018] bne $9,$18,-29
[inst #1019] nop 
[inst #1020] nop 
[inst #1021] nop 
[inst #1022] lw $19,0($11)
Register Write to Reg: 0x13 Val: 0x0000003C
[inst #1023] nop 
[inst #1024] nop 
[inst #1025] nop 
[inst #1026] addi $11,$11,4
Register Write to Reg: 0x0B Val: 0x10010018
[inst #1027] nop 
[inst #1028] nop 
[inst #1029] nop 
[inst #1030] lw $20,0($11)
Register Write to Reg: 0x14 Val: 0x00000032
[inst #1031] addi $9,$9,1
Register Write to Reg: 0x09 Val: 0x00000006
[inst #1032] nop 
[inst #1033] nop 
[inst #1034] slt $12,$19,$20
Register Write to Reg: 0x0C Val: 0x00000000
[inst #1035] nop 
[inst #1036] nop 
[inst #1037] nop 
[inst #1038] bne $12,$0,8
[inst #1039] nop 
[inst #1040] nop 
[inst #1041] sw $19,0($11)
Memory Write to Addr: 0x10010018 Val: 0x0000003C
[inst #1042] sw $20,-4($11)
Memory Write to Addr: 0x10010014 Val: 0x00000032
[inst #1043] nop 
[inst #1044] nop 
[inst #1045] nop 
[inst #1046] lw $20,0($11)
Register Write to Reg: 0x14 Val: 0x0000003C
[inst #1047] bne $9,$18,-29
[inst #1048] nop 
[inst #1049] nop 
[inst #1050] addi $8,$8,1
Register Write to Reg: 0x08 Val: 0x00000005
[inst #1051] nop 
[inst #1052] nop 
[inst #1053] nop 
[inst #1054] bne $8,$17,-39
[inst #1055] addiu $9,$0,0
Register Write to Reg: 0x09 Val: 0x00000000
[inst #1056] addi $18,$18,-1
Register Write to Reg: 0x12 Val: 0x00000005
[inst #1057] add $11,$0,$16
Register Write to Reg: 0x0B Val: 0x10010000
[inst #1058] nop 
[inst #1059] nop 
[inst #1060] nop 
[inst #1061] lw $19,0($11)
Register Write to Reg: 0x13 Val: 0x0000000A
[inst #1062] nop 
[inst #1063] nop 
[inst #1064] nop 
[inst #1065] addi $11,$11,4
Register Write to Reg: 0x0B Val: 0x10010004
[inst #1066] nop 
[inst #1067] nop 
[inst #1068] nop 
[inst #1069] lw $20,0($11)
Register Write to Reg: 0x14 Val: 0x00000014
[inst #1070] addi $9,$9,1
Register Write to Reg: 0x09 Val: 0x00000001
[inst #1071] nop 
[inst #1072] nop 
[inst #1073] slt $12,$19,$20
Register Write to Reg: 0x0C Val: 0x00000001
[inst #1074] nop 
[inst #1075] nop 
[inst #1076] nop 
[inst #1077] bne $12,$0,8
[inst #1078] bne $9,$18,-29
[inst #1079] nop 
[inst #1080] nop 
[inst #1081] nop 
[inst #1082] lw $19,0($11)
Register Write to Reg: 0x13 Val: 0x00000014
[inst #1083] nop 
[inst #1084] nop 
[inst #1085] nop 
[inst #1086] addi $11,$11,4
Register Write to Reg: 0x0B Val: 0x10010008
[inst #1087] nop 
[inst #1088] nop 
[inst #1089] nop 
[inst #1090] lw $20,0($11)
Register Write to Reg: 0x14 Val: 0x0000001E
[inst #1091] addi $9,$9,1
Register Write to Reg: 0x09 Val: 0x00000002
[inst #1092] nop 
[inst #1093] nop 
[inst #1094] slt $12,$19,$20
Register Write to Reg: 0x0C Val: 0x00000001
[inst #1095] nop 
[inst #1096] nop 
[inst #1097] nop 
[inst #1098] bne $12,$0,8
[inst #1099] bne $9,$18,-29
[inst #1100] nop 
[inst #1101] nop 
[inst #1102] nop 
[inst #1103] lw $19,0($11)
Register Write to Reg: 0x13 Val: 0x0000001E
[inst #1104] nop 
[inst #1105] nop 
[inst #1106] nop 
[inst #1107] addi $11,$11,4
Register Write to Reg: 0x0B Val: 0x1001000C
[inst #1108] nop 
[inst #1109] nop 
[inst #1110] nop 
[inst #1111] lw $20,0($11)
Register Write to Reg: 0x14 Val: 0x00000000
[inst #1112] addi $9,$9,1
Register Write to Reg: 0x09 Val: 0x00000003
[inst #1113] nop 
[inst #1114] nop 
[inst #1115] slt $12,$19,$20
Register Write to Reg: 0x0C Val: 0x00000000
[inst #1116] nop 
[inst #1117] nop 
[inst #1118] nop 
[inst #1119] bne $12,$0,8
[inst #1120] nop 
[inst #1121] nop 
[inst #1122] sw $19,0($11)
Memory Write to Addr: 0x1001000C Val: 0x0000001E
[inst #1123] sw $20,-4($11)
Memory Write to Addr: 0x10010008 Val: 0x00000000
[inst #1124] nop 
[inst #1125] nop 
[inst #1126] nop 
[inst #1127] lw $20,0($11)
Register Write to Reg: 0x14 Val: 0x0000001E
[inst #1128] bne $9,$18,-29
[inst #1129] nop 
[inst #1130] nop 
[inst #1131] nop 
[inst #1132] lw $19,0($11)
Register Write to Reg: 0x13 Val: 0x0000001E
[inst #1133] nop 
[inst #1134] nop 
[inst #1135] nop 
[inst #1136] addi $11,$11,4
Register Write to Reg: 0x0B Val: 0x10010010
[inst #1137] nop 
[inst #1138] nop 
[inst #1139] nop 
[inst #1140] lw $20,0($11)
Register Write to Reg: 0x14 Val: 0x00000028
[inst #1141] addi $9,$9,1
Register Write to Reg: 0x09 Val: 0x00000004
[inst #1142] nop 
[inst #1143] nop 
[inst #1144] slt $12,$19,$20
Register Write to Reg: 0x0C Val: 0x00000001
[inst #1145] nop 
[inst #1146] nop 
[inst #1147] nop 
[inst #1148] bne $12,$0,8
[inst #1149] bne $9,$18,-29
[inst #1150] nop 
[inst #1151] nop 
[inst #1152] nop 
[inst #1153] lw $19,0($11)
Register Write to Reg: 0x13 Val: 0x00000028
[inst #1154] nop 
[inst #1155] nop 
[inst #1156] nop 
[inst #1157] addi $11,$11,4
Register Write to Reg: 0x0B Val: 0x10010014
[inst #1158] nop 
[inst #1159] nop 
[inst #1160] nop 
[inst #1161] lw $20,0($11)
Register Write to Reg: 0x14 Val: 0x00000032
[inst #1162] addi $9,$9,1
Register Write to Reg: 0x09 Val: 0x00000005
[inst #1163] nop 
[inst #1164] nop 
[inst #1165] slt $12,$19,$20
Register Write to Reg: 0x0C Val: 0x00000001
[inst #1166] nop 
[inst #1167] nop 
[inst #1168] nop 
[inst #1169] bne $12,$0,8
[inst #1170] bne $9,$18,-29
[inst #1171] nop 
[inst #1172] nop 
[inst #1173] addi $8,$8,1
Register Write to Reg: 0x08 Val: 0x00000006
[inst #1174] nop 
[inst #1175] nop 
[inst #1176] nop 
[inst #1177] bne $8,$17,-39
[inst #1178] addiu $9,$0,0
Register Write to Reg: 0x09 Val: 0x00000000
[inst #1179] addi $18,$18,-1
Register Write to Reg: 0x12 Val: 0x00000004
[inst #1180] add $11,$0,$16
Register Write to Reg: 0x0B Val: 0x10010000
[inst #1181] nop 
[inst #1182] nop 
[inst #1183] nop 
[inst #1184] lw $19,0($11)
Register Write to Reg: 0x13 Val: 0x0000000A
[inst #1185] nop 
[inst #1186] nop 
[inst #1187] nop 
[inst #1188] addi $11,$11,4
Register Write to Reg: 0x0B Val: 0x10010004
[inst #1189] nop 
[inst #1190] nop 
[inst #1191] nop 
[inst #1192] lw $20,0($11)
Register Write to Reg: 0x14 Val: 0x00000014
[inst #1193] addi $9,$9,1
Register Write to Reg: 0x09 Val: 0x00000001
[inst #1194] nop 
[inst #1195] nop 
[inst #1196] slt $12,$19,$20
Register Write to Reg: 0x0C Val: 0x00000001
[inst #1197] nop 
[inst #1198] nop 
[inst #1199] nop 
[inst #1200] bne $12,$0,8
[inst #1201] bne $9,$18,-29
[inst #1202] nop 
[inst #1203] nop 
[inst #1204] nop 
[inst #1205] lw $19,0($11)
Register Write to Reg: 0x13 Val: 0x00000014
[inst #1206] nop 
[inst #1207] nop 
[inst #1208] nop 
[inst #1209] addi $11,$11,4
Register Write to Reg: 0x0B Val: 0x10010008
[inst #1210] nop 
[inst #1211] nop 
[inst #1212] nop 
[inst #1213] lw $20,0($11)
Register Write to Reg: 0x14 Val: 0x00000000
[inst #1214] addi $9,$9,1
Register Write to Reg: 0x09 Val: 0x00000002
[inst #1215] nop 
[inst #1216] nop 
[inst #1217] slt $12,$19,$20
Register Write to Reg: 0x0C Val: 0x00000000
[inst #1218] nop 
[inst #1219] nop 
[inst #1220] nop 
[inst #1221] bne $12,$0,8
[inst #1222] nop 
[inst #1223] nop 
[inst #1224] sw $19,0($11)
Memory Write to Addr: 0x10010008 Val: 0x00000014
[inst #1225] sw $20,-4($11)
Memory Write to Addr: 0x10010004 Val: 0x00000000
[inst #1226] nop 
[inst #1227] nop 
[inst #1228] nop 
[inst #1229] lw $20,0($11)
Register Write to Reg: 0x14 Val: 0x00000014
[inst #1230] bne $9,$18,-29
[inst #1231] nop 
[inst #1232] nop 
[inst #1233] nop 
[inst #1234] lw $19,0($11)
Register Write to Reg: 0x13 Val: 0x00000014
[inst #1235] nop 
[inst #1236] nop 
[inst #1237] nop 
[inst #1238] addi $11,$11,4
Register Write to Reg: 0x0B Val: 0x1001000C
[inst #1239] nop 
[inst #1240] nop 
[inst #1241] nop 
[inst #1242] lw $20,0($11)
Register Write to Reg: 0x14 Val: 0x0000001E
[inst #1243] addi $9,$9,1
Register Write to Reg: 0x09 Val: 0x00000003
[inst #1244] nop 
[inst #1245] nop 
[inst #1246] slt $12,$19,$20
Register Write to Reg: 0x0C Val: 0x00000001
[inst #1247] nop 
[inst #1248] nop 
[inst #1249] nop 
[inst #1250] bne $12,$0,8
[inst #1251] bne $9,$18,-29
[inst #1252] nop 
[inst #1253] nop 
[inst #1254] nop 
[inst #1255] lw $19,0($11)
Register Write to Reg: 0x13 Val: 0x0000001E
[inst #1256] nop 
[inst #1257] nop 
[inst #1258] nop 
[inst #1259] addi $11,$11,4
Register Write to Reg: 0x0B Val: 0x10010010
[inst #1260] nop 
[inst #1261] nop 
[inst #1262] nop 
[inst #1263] lw $20,0($11)
Register Write to Reg: 0x14 Val: 0x00000028
[inst #1264] addi $9,$9,1
Register Write to Reg: 0x09 Val: 0x00000004
[inst #1265] nop 
[inst #1266] nop 
[inst #1267] slt $12,$19,$20
Register Write to Reg: 0x0C Val: 0x00000001
[inst #1268] nop 
[inst #1269] nop 
[inst #1270] nop 
[inst #1271] bne $12,$0,8
[inst #1272] bne $9,$18,-29
[inst #1273] nop 
[inst #1274] nop 
[inst #1275] addi $8,$8,1
Register Write to Reg: 0x08 Val: 0x00000007
[inst #1276] nop 
[inst #1277] nop 
[inst #1278] nop 
[inst #1279] bne $8,$17,-39
[inst #1280] addiu $9,$0,0
Register Write to Reg: 0x09 Val: 0x00000000
[inst #1281] addi $18,$18,-1
Register Write to Reg: 0x12 Val: 0x00000003
[inst #1282] add $11,$0,$16
Register Write to Reg: 0x0B Val: 0x10010000
[inst #1283] nop 
[inst #1284] nop 
[inst #1285] nop 
[inst #1286] lw $19,0($11)
Register Write to Reg: 0x13 Val: 0x0000000A
[inst #1287] nop 
[inst #1288] nop 
[inst #1289] nop 
[inst #1290] addi $11,$11,4
Register Write to Reg: 0x0B Val: 0x10010004
[inst #1291] nop 
[inst #1292] nop 
[inst #1293] nop 
[inst #1294] lw $20,0($11)
Register Write to Reg: 0x14 Val: 0x00000000
[inst #1295] addi $9,$9,1
Register Write to Reg: 0x09 Val: 0x00000001
[inst #1296] nop 
[inst #1297] nop 
[inst #1298] slt $12,$19,$20
Register Write to Reg: 0x0C Val: 0x00000000
[inst #1299] nop 
[inst #1300] nop 
[inst #1301] nop 
[inst #1302] bne $12,$0,8
[inst #1303] nop 
[inst #1304] nop 
[inst #1305] sw $19,0($11)
Memory Write to Addr: 0x10010004 Val: 0x0000000A
[inst #1306] sw $20,-4($11)
Memory Write to Addr: 0x10010000 Val: 0x00000000
[inst #1307] nop 
[inst #1308] nop 
[inst #1309] nop 
[inst #1310] lw $20,0($11)
Register Write to Reg: 0x14 Val: 0x0000000A
[inst #1311] bne $9,$18,-29
[inst #1312] nop 
[inst #1313] nop 
[inst #1314] nop 
[inst #1315] lw $19,0($11)
Register Write to Reg: 0x13 Val: 0x0000000A
[inst #1316] nop 
[inst #1317] nop 
[inst #1318] nop 
[inst #1319] addi $11,$11,4
Register Write to Reg: 0x0B Val: 0x10010008
[inst #1320] nop 
[inst #1321] nop 
[inst #1322] nop 
[inst #1323] lw $20,0($11)
Register Write to Reg: 0x14 Val: 0x00000014
[inst #1324] addi $9,$9,1
Register Write to Reg: 0x09 Val: 0x00000002
[inst #1325] nop 
[inst #1326] nop 
[inst #1327] slt $12,$19,$20
Register Write to Reg: 0x0C Val: 0x00000001
[inst #1328] nop 
[inst #1329] nop 
[inst #1330] nop 
[inst #1331] bne $12,$0,8
[inst #1332] bne $9,$18,-29
[inst #1333] nop 
[inst #1334] nop 
[inst #1335] nop 
[inst #1336] lw $19,0($11)
Register Write to Reg: 0x13 Val: 0x00000014
[inst #1337] nop 
[inst #1338] nop 
[inst #1339] nop 
[inst #1340] addi $11,$11,4
Register Write to Reg: 0x0B Val: 0x1001000C
[inst #1341] nop 
[inst #1342] nop 
[inst #1343] nop 
[inst #1344] lw $20,0($11)
Register Write to Reg: 0x14 Val: 0x0000001E
[inst #1345] addi $9,$9,1
Register Write to Reg: 0x09 Val: 0x00000003
[inst #1346] nop 
[inst #1347] nop 
[inst #1348] slt $12,$19,$20
Register Write to Reg: 0x0C Val: 0x00000001
[inst #1349] nop 
[inst #1350] nop 
[inst #1351] nop 
[inst #1352] bne $12,$0,8
[inst #1353] bne $9,$18,-29
[inst #1354] nop 
[inst #1355] nop 
[inst #1356] addi $8,$8,1
Register Write to Reg: 0x08 Val: 0x00000008
[inst #1357] nop 
[inst #1358] nop 
[inst #1359] nop 
[inst #1360] bne $8,$17,-39
[inst #1361] addiu $9,$0,0
Register Write to Reg: 0x09 Val: 0x00000000
[inst #1362] addi $18,$18,-1
Register Write to Reg: 0x12 Val: 0x00000002
[inst #1363] add $11,$0,$16
Register Write to Reg: 0x0B Val: 0x10010000
[inst #1364] nop 
[inst #1365] nop 
[inst #1366] nop 
[inst #1367] lw $19,0($11)
Register Write to Reg: 0x13 Val: 0x00000000
[inst #1368] nop 
[inst #1369] nop 
[inst #1370] nop 
[inst #1371] addi $11,$11,4
Register Write to Reg: 0x0B Val: 0x10010004
[inst #1372] nop 
[inst #1373] nop 
[inst #1374] nop 
[inst #1375] lw $20,0($11)
Register Write to Reg: 0x14 Val: 0x0000000A
[inst #1376] addi $9,$9,1
Register Write to Reg: 0x09 Val: 0x00000001
[inst #1377] nop 
[inst #1378] nop 
[inst #1379] slt $12,$19,$20
Register Write to Reg: 0x0C Val: 0x00000001
[inst #1380] nop 
[inst #1381] nop 
[inst #1382] nop 
[inst #1383] bne $12,$0,8
[inst #1384] bne $9,$18,-29
[inst #1385] nop 
[inst #1386] nop 
[inst #1387] nop 
[inst #1388] lw $19,0($11)
Register Write to Reg: 0x13 Val: 0x0000000A
[inst #1389] nop 
[inst #1390] nop 
[inst #1391] nop 
[inst #1392] addi $11,$11,4
Register Write to Reg: 0x0B Val: 0x10010008
[inst #1393] nop 
[inst #1394] nop 
[inst #1395] nop 
[inst #1396] lw $20,0($11)
Register Write to Reg: 0x14 Val: 0x00000014
[inst #1397] addi $9,$9,1
Register Write to Reg: 0x09 Val: 0x00000002
[inst #1398] nop 
[inst #1399] nop 
[inst #1400] slt $12,$19,$20
Register Write to Reg: 0x0C Val: 0x00000001
[inst #1401] nop 
[inst #1402] nop 
[inst #1403] nop 
[inst #1404] bne $12,$0,8
[inst #1405] bne $9,$18,-29
[inst #1406] nop 
[inst #1407] nop 
[inst #1408] addi $8,$8,1
Register Write to Reg: 0x08 Val: 0x00000009
[inst #1409] nop 
[inst #1410] nop 
[inst #1411] nop 
[inst #1412] bne $8,$17,-39
[inst #1413] addiu $9,$0,0
Register Write to Reg: 0x09 Val: 0x00000000
[inst #1414] addi $18,$18,-1
Register Write to Reg: 0x12 Val: 0x00000001
[inst #1415] add $11,$0,$16
Register Write to Reg: 0x0B Val: 0x10010000
[inst #1416] nop 
[inst #1417] nop 
[inst #1418] nop 
[inst #1419] lw $19,0($11)
Register Write to Reg: 0x13 Val: 0x00000000
[inst #1420] nop 
[inst #1421] nop 
[inst #1422] nop 
[inst #1423] addi $11,$11,4
Register Write to Reg: 0x0B Val: 0x10010004
[inst #1424] nop 
[inst #1425] nop 
[inst #1426] nop 
[inst #1427] lw $20,0($11)
Register Write to Reg: 0x14 Val: 0x0000000A
[inst #1428] addi $9,$9,1
Register Write to Reg: 0x09 Val: 0x00000001
[inst #1429] nop 
[inst #1430] nop 
[inst #1431] slt $12,$19,$20
Register Write to Reg: 0x0C Val: 0x00000001
[inst #1432] nop 
[inst #1433] nop 
[inst #1434] nop 
[inst #1435] bne $12,$0,8
[inst #1436] bne $9,$18,-29
[inst #1437] nop 
[inst #1438] nop 
[inst #1439] addi $8,$8,1
Register Write to Reg: 0x08 Val: 0x0000000A
[inst #1440] nop 
[inst #1441] nop 
[inst #1442] nop 
[inst #1443] bne $8,$17,-39
[inst #1444] nop 
[inst #1445] nop 
[inst #1446] halt 

