QuestaSim-64 vcom 2024.2 Compiler 2024.05 May 20 2024
Start time: 23:57:14 on Dec 05,2024
vcom -2008 -work internal/ModelSimContainer/work proj/src/MIPS_types.vhd internal/testpy/tb.vhd proj/src/MIPS_types.vhd proj/src/TopLevel/MIPS_Processor.vhd proj/src/TopLevel/mem.vhd proj/src/PC_Reg/pc_reg.vhd proj/src/PC_Reg/pc_dffg.vhd proj/src/Barrel_Shifter/shifter.vhd proj/src/PipelineRegisters/IFID_Reg.vhd proj/src/PipelineRegisters/EXMEM_Reg.vhd proj/src/PipelineRegisters/tb_IFID_Reg_Stall.vhd proj/src/PipelineRegisters/MEMWB_Reg.vhd proj/src/PipelineRegisters/IDEX_Reg.vhd proj/src/Primitives/decoder_5t32.vhd proj/src/Primitives/mux3t1_N.vhd proj/src/Primitives/or_32bit.vhd proj/src/Primitives/dffg.vhd proj/src/Primitives/nor_32bit.vhd proj/src/Primitives/org2.vhd proj/src/Primitives/reg_N.vhd proj/src/Primitives/dffgfallingedge.vhd proj/src/Primitives/mux2t1_N.vhd proj/src/Primitives/and_32bit.vhd proj/src/Primitives/xorg2.vhd proj/src/Primitives/mux2t1_df.vhd proj/src/Primitives/xor_32bit.vhd proj/src/Primitives/andg2.vhd proj/src/Primitives/mux32t1_32.vhd proj/src/Primitives/full_adder.vhd proj/src/Primitives/onescomp_N.vhd proj/src/Primitives/bus_6digit.vhd proj/src/Primitives/add_sub_N.vhd proj/src/Primitives/regfile.vhd proj/src/Primitives/extend16t32.vhd proj/src/Primitives/ripple_adder_N.vhd proj/src/Primitives/Adder.vhd proj/src/Primitives/invg.vhd proj/src/Control Logic/control.vhd proj/src/Fetch Logic/fetch_logic.vhd proj/src/Fetch Logic/mux2t1.vhd proj/src/Forwarding/ForwardingUnit.vhd proj/src/Forwarding/tb_forwarding.vhd proj/src/ALU/replicator.vhd proj/src/ALU/alu.vhd proj/src/ALU/ALUcontrol.vhd 
-- Loading package STANDARD
-- Loading package TEXTIO
-- Loading package std_logic_1164
-- Compiling package MIPS_types
-- Compiling package body MIPS_types
-- Loading package MIPS_types
-- Loading package std_logic_textio
-- Loading package ENV
-- Compiling entity tb
-- Compiling architecture mixed of tb
** Warning: proj/src/MIPS_types.vhd(15): (vcom-1615) Existing package 'MIPS_types' at line 15 will be overwritten.
-- Compiling package MIPS_types
** Warning: proj/src/MIPS_types.vhd(54): (vcom-1615) Existing package body 'MIPS_types(body)' at line 54 will be overwritten.
-- Compiling package body MIPS_types
-- Loading package MIPS_types
-- Loading package MIPS_types
-- Compiling entity MIPS_Processor
-- Compiling architecture structure of MIPS_Processor
-- Loading package NUMERIC_STD
-- Compiling entity mem
-- Compiling architecture rtl of mem
-- Compiling entity pc_reg
-- Compiling architecture structural of pc_reg
-- Compiling entity pc_dffg
-- Compiling architecture mixed of pc_dffg
-- Compiling entity shifter
-- Compiling architecture structural of shifter
-- Compiling entity IFID_Reg
-- Compiling architecture structural of IFID_Reg
-- Compiling entity EXMEM_Reg
-- Compiling architecture structural of EXMEM_Reg
-- Compiling entity tb_IFID_Reg_Stall
-- Compiling architecture behavior of tb_IFID_Reg_Stall
-- Compiling entity MEMWB_Reg
-- Compiling architecture structural of MEMWB_Reg
-- Compiling entity IDEX_Reg
-- Compiling architecture structural of IDEX_Reg
-- Compiling entity decoder_5t32
-- Compiling architecture dataflow of decoder_5t32
-- Compiling entity mux3t1_N
-- Compiling architecture dataflow of mux3t1_N
-- Compiling entity or_32bit
-- Compiling architecture dataflow of or_32bit
** Warning: proj/src/Primitives/dffg.vhd(23): (vcom-1615) Existing entity 'dffg' at /home/jarceo/CprE381/Proj2/cpre381-toolflow/proj/src/Primitives/dffgfallingedge.vhd(23) will be overwritten.
-- Compiling entity dffg
** Warning: proj/src/Primitives/dffg.vhd(33): (vcom-1615) Existing architecture 'dffg(mixed)' at /home/jarceo/CprE381/Proj2/cpre381-toolflow/proj/src/Primitives/dffgfallingedge.vhd(33) will be overwritten.
-- Compiling architecture mixed of dffg
-- Compiling entity nor_32bit
-- Compiling architecture dataflow of nor_32bit
-- Compiling entity org2
-- Compiling architecture dataflow of org2
-- Compiling entity reg_N
-- Compiling architecture structural of reg_N
** Warning: proj/src/Primitives/dffgfallingedge.vhd(23): (vcom-1615) Existing entity 'dffg' at proj/src/Primitives/dffg.vhd(23) will be overwritten.
-- Compiling entity dffg
** Warning: proj/src/Primitives/dffgfallingedge.vhd(33): (vcom-1615) Existing architecture 'dffg(mixed)' at proj/src/Primitives/dffg.vhd(33) will be overwritten.
-- Compiling architecture mixed of dffg
-- Compiling entity mux2t1_N
-- Compiling architecture structural of mux2t1_N
-- Compiling entity and_32bit
-- Compiling architecture dataflow of and_32bit
-- Compiling entity xorg2
-- Compiling architecture dataflow of xorg2
-- Compiling entity mux2t1_df
-- Compiling architecture dataflow of mux2t1_df
-- Compiling entity xor_32bit
-- Compiling architecture dataflow of xor_32bit
-- Compiling entity andg2
-- Compiling architecture dataflow of andg2
-- Compiling entity mux32t1_32
-- Compiling architecture Regflow of mux32t1_32
-- Compiling entity full_adder
-- Compiling architecture structure of full_adder
-- Compiling entity onescomp_N
-- Compiling architecture structural of onescomp_N
-- Compiling package bus_6digit
-- Compiling entity add_sub_N
-- Compiling architecture structure of add_sub_N
-- Compiling entity regfile
-- Compiling architecture structural of regfile
-- Compiling entity extend16t32
-- Compiling architecture dataflow of extend16t32
-- Compiling entity ripple_adder_N
-- Compiling architecture structure of ripple_adder_N
-- Compiling entity Adder
-- Compiling architecture behavior of Adder
-- Compiling entity invg
-- Compiling architecture dataflow of invg
-- Compiling entity control
-- Compiling architecture behavioral of control
-- Compiling entity fetch_logic
-- Compiling architecture structural of fetch_logic
-- Compiling entity mux2t1
-- Compiling architecture structure of mux2t1
-- Compiling entity ForwardingUnit
-- Compiling architecture Behavioral of ForwardingUnit
-- Compiling entity tb_forwarding
-- Compiling architecture Behavioral of tb_forwarding
-- Compiling entity replicator
-- Compiling architecture dataflow of replicator
-- Compiling entity alu
-- Compiling architecture structural of alu
-- Compiling entity ALUcontrol
-- Compiling architecture structural of ALUcontrol
End time: 23:57:14 on Dec 05,2024, Elapsed time: 0:00:00
Errors: 0, Warnings: 6
