[inst #1] addi $1,$0,1
Register Write to Reg: 0x01 Val: 0x00000001
[inst #2] nop 
[inst #3] nop 
[inst #4] nop 
[inst #5] add $1,$1,$1
Register Write to Reg: 0x01 Val: 0x00000002
[inst #6] nop 
[inst #7] nop 
[inst #8] nop 
[inst #9] add $2,$1,$1
Register Write to Reg: 0x02 Val: 0x00000004
[inst #10] nop 
[inst #11] nop 
[inst #12] nop 
[inst #13] add $3,$2,$2
Register Write to Reg: 0x03 Val: 0x00000008
[inst #14] nop 
[inst #15] nop 
[inst #16] nop 
[inst #17] add $4,$3,$3
Register Write to Reg: 0x04 Val: 0x00000010
[inst #18] nop 
[inst #19] nop 
[inst #20] nop 
[inst #21] add $5,$4,$4
Register Write to Reg: 0x05 Val: 0x00000020
[inst #22] nop 
[inst #23] nop 
[inst #24] nop 
[inst #25] add $6,$5,$5
Register Write to Reg: 0x06 Val: 0x00000040
[inst #26] nop 
[inst #27] nop 
[inst #28] nop 
[inst #29] add $7,$6,$6
Register Write to Reg: 0x07 Val: 0x00000080
[inst #30] nop 
[inst #31] nop 
[inst #32] nop 
[inst #33] add $8,$7,$7
Register Write to Reg: 0x08 Val: 0x00000100
[inst #34] nop 
[inst #35] nop 
[inst #36] nop 
[inst #37] add $9,$8,$8
Register Write to Reg: 0x09 Val: 0x00000200
[inst #38] nop 
[inst #39] nop 
[inst #40] nop 
[inst #41] add $10,$9,$9
Register Write to Reg: 0x0A Val: 0x00000400
[inst #42] nop 
[inst #43] nop 
[inst #44] nop 
[inst #45] add $11,$10,$10
Register Write to Reg: 0x0B Val: 0x00000800
[inst #46] nop 
[inst #47] nop 
[inst #48] nop 
[inst #49] add $12,$11,$11
Register Write to Reg: 0x0C Val: 0x00001000
[inst #50] nop 
[inst #51] nop 
[inst #52] nop 
[inst #53] add $13,$12,$12
Register Write to Reg: 0x0D Val: 0x00002000
[inst #54] nop 
[inst #55] nop 
[inst #56] nop 
[inst #57] add $14,$13,$13
Register Write to Reg: 0x0E Val: 0x00004000
[inst #58] nop 
[inst #59] nop 
[inst #60] nop 
[inst #61] add $15,$14,$14
Register Write to Reg: 0x0F Val: 0x00008000
[inst #62] nop 
[inst #63] nop 
[inst #64] nop 
[inst #65] add $16,$15,$15
Register Write to Reg: 0x10 Val: 0x00010000
[inst #66] nop 
[inst #67] nop 
[inst #68] nop 
[inst #69] add $17,$16,$16
Register Write to Reg: 0x11 Val: 0x00020000
[inst #70] nop 
[inst #71] nop 
[inst #72] nop 
[inst #73] add $18,$17,$17
Register Write to Reg: 0x12 Val: 0x00040000
[inst #74] nop 
[inst #75] nop 
[inst #76] nop 
[inst #77] add $19,$18,$18
Register Write to Reg: 0x13 Val: 0x00080000
[inst #78] nop 
[inst #79] nop 
[inst #80] nop 
[inst #81] add $20,$19,$19
Register Write to Reg: 0x14 Val: 0x00100000
[inst #82] nop 
[inst #83] nop 
[inst #84] nop 
[inst #85] add $21,$20,$20
Register Write to Reg: 0x15 Val: 0x00200000
[inst #86] nop 
[inst #87] nop 
[inst #88] nop 
[inst #89] add $22,$21,$21
Register Write to Reg: 0x16 Val: 0x00400000
[inst #90] nop 
[inst #91] nop 
[inst #92] nop 
[inst #93] add $23,$22,$22
Register Write to Reg: 0x17 Val: 0x00800000
[inst #94] nop 
[inst #95] nop 
[inst #96] nop 
[inst #97] add $24,$23,$23
Register Write to Reg: 0x18 Val: 0x01000000
[inst #98] nop 
[inst #99] nop 
[inst #100] nop 
[inst #101] add $25,$24,$24
Register Write to Reg: 0x19 Val: 0x02000000
[inst #102] nop 
[inst #103] nop 
[inst #104] nop 
[inst #105] add $26,$25,$25
Register Write to Reg: 0x1A Val: 0x04000000
[inst #106] nop 
[inst #107] nop 
[inst #108] nop 
[inst #109] add $27,$26,$26
Register Write to Reg: 0x1B Val: 0x08000000
[inst #110] nop 
[inst #111] nop 
[inst #112] nop 
[inst #113] add $28,$27,$27
Register Write to Reg: 0x1C Val: 0x10000000
[inst #114] nop 
[inst #115] nop 
[inst #116] nop 
[inst #117] add $29,$28,$28
Register Write to Reg: 0x1D Val: 0x20000000
[inst #118] nop 
[inst #119] nop 
[inst #120] nop 
[inst #121] add $30,$29,$29
Register Write to Reg: 0x1E Val: 0x40000000
[inst #122] nop 
[inst #123] nop 
[inst #124] nop 
[inst #125] add $31,$30,$30
Register Write to Reg: 0x1F Val: 0x80000000
Arithmetic Overflow Detected
[inst #126] halt 

