[inst #1] lui $16,4097
Register Write to Reg: 0x10 Val: 0x10010000
[inst #2] addiu $8,$0,0
Register Write to Reg: 0x08 Val: 0x00000000
[inst #3] addiu $9,$0,0
Register Write to Reg: 0x09 Val: 0x00000000
[inst #4] addiu $17,$0,11
Register Write to Reg: 0x11 Val: 0x0000000B
[inst #5] addiu $18,$0,11
Register Write to Reg: 0x12 Val: 0x0000000B
[inst #6] add $10,$0,$16
Register Write to Reg: 0x0A Val: 0x10010000
[inst #7] add $11,$0,$16
Register Write to Reg: 0x0B Val: 0x10010000
[inst #8] addi $17,$17,-1
Register Write to Reg: 0x11 Val: 0x0000000A
[inst #9] add $11,$0,$16
Register Write to Reg: 0x0B Val: 0x10010000
[inst #10] addiu $9,$0,0
Register Write to Reg: 0x09 Val: 0x00000000
[inst #11] addi $18,$18,-1
Register Write to Reg: 0x12 Val: 0x0000000A
[inst #12] lw $19,0($11)
Register Write to Reg: 0x13 Val: 0x0000000A
[inst #13] addi $11,$11,4
Register Write to Reg: 0x0B Val: 0x10010004
[inst #14] nop 
[inst #15] nop 
[inst #16] lw $20,0($11)
Register Write to Reg: 0x14 Val: 0x0000003C
[inst #17] addi $9,$9,1
Register Write to Reg: 0x09 Val: 0x00000001
[inst #18] nop 
[inst #19] slt $12,$19,$20
Register Write to Reg: 0x0C Val: 0x00000001
[inst #20] nop 
[inst #21] nop 
[inst #22] bne $12,$0,5
[inst #23] addi $8,$8,1
Register Write to Reg: 0x08 Val: 0x00000001
[inst #24] bne $9,$18,-18
[inst #25] lw $19,0($11)
Register Write to Reg: 0x13 Val: 0x0000003C
[inst #26] addi $11,$11,4
Register Write to Reg: 0x0B Val: 0x10010008
[inst #27] nop 
[inst #28] nop 
[inst #29] lw $20,0($11)
Register Write to Reg: 0x14 Val: 0x00000028
[inst #30] addi $9,$9,1
Register Write to Reg: 0x09 Val: 0x00000002
[inst #31] nop 
[inst #32] slt $12,$19,$20
Register Write to Reg: 0x0C Val: 0x00000000
[inst #33] nop 
[inst #34] nop 
[inst #35] bne $12,$0,5
[inst #36] nop 
[inst #37] nop 
[inst #38] sw $19,0($11)
Memory Write to Addr: 0x10010008 Val: 0x0000003C
[inst #39] sw $20,-4($11)
Memory Write to Addr: 0x10010004 Val: 0x00000028
[inst #40] lw $20,0($11)
Register Write to Reg: 0x14 Val: 0x0000003C
[inst #41] addi $8,$8,1
Register Write to Reg: 0x08 Val: 0x00000002
[inst #42] bne $9,$18,-18
[inst #43] lw $19,0($11)
Register Write to Reg: 0x13 Val: 0x0000003C
[inst #44] addi $11,$11,4
Register Write to Reg: 0x0B Val: 0x1001000C
[inst #45] nop 
[inst #46] nop 
[inst #47] lw $20,0($11)
Register Write to Reg: 0x14 Val: 0x00000046
[inst #48] addi $9,$9,1
Register Write to Reg: 0x09 Val: 0x00000003
[inst #49] nop 
[inst #50] slt $12,$19,$20
Register Write to Reg: 0x0C Val: 0x00000001
[inst #51] nop 
[inst #52] nop 
[inst #53] bne $12,$0,5
[inst #54] addi $8,$8,1
Register Write to Reg: 0x08 Val: 0x00000003
[inst #55] bne $9,$18,-18
[inst #56] lw $19,0($11)
Register Write to Reg: 0x13 Val: 0x00000046
[inst #57] addi $11,$11,4
Register Write to Reg: 0x0B Val: 0x10010010
[inst #58] nop 
[inst #59] nop 
[inst #60] lw $20,0($11)
Register Write to Reg: 0x14 Val: 0x00000014
[inst #61] addi $9,$9,1
Register Write to Reg: 0x09 Val: 0x00000004
[inst #62] nop 
[inst #63] slt $12,$19,$20
Register Write to Reg: 0x0C Val: 0x00000000
[inst #64] nop 
[inst #65] nop 
[inst #66] bne $12,$0,5
[inst #67] nop 
[inst #68] nop 
[inst #69] sw $19,0($11)
Memory Write to Addr: 0x10010010 Val: 0x00000046
[inst #70] sw $20,-4($11)
Memory Write to Addr: 0x1001000C Val: 0x00000014
[inst #71] lw $20,0($11)
Register Write to Reg: 0x14 Val: 0x00000046
[inst #72] addi $8,$8,1
Register Write to Reg: 0x08 Val: 0x00000004
[inst #73] bne $9,$18,-18
[inst #74] lw $19,0($11)
Register Write to Reg: 0x13 Val: 0x00000046
[inst #75] addi $11,$11,4
Register Write to Reg: 0x0B Val: 0x10010014
[inst #76] nop 
[inst #77] nop 
[inst #78] lw $20,0($11)
Register Write to Reg: 0x14 Val: 0x0000001E
[inst #79] addi $9,$9,1
Register Write to Reg: 0x09 Val: 0x00000005
[inst #80] nop 
[inst #81] slt $12,$19,$20
Register Write to Reg: 0x0C Val: 0x00000000
[inst #82] nop 
[inst #83] nop 
[inst #84] bne $12,$0,5
[inst #85] nop 
[inst #86] nop 
[inst #87] sw $19,0($11)
Memory Write to Addr: 0x10010014 Val: 0x00000046
[inst #88] sw $20,-4($11)
Memory Write to Addr: 0x10010010 Val: 0x0000001E
[inst #89] lw $20,0($11)
Register Write to Reg: 0x14 Val: 0x00000046
[inst #90] addi $8,$8,1
Register Write to Reg: 0x08 Val: 0x00000005
[inst #91] bne $9,$18,-18
[inst #92] lw $19,0($11)
Register Write to Reg: 0x13 Val: 0x00000046
[inst #93] addi $11,$11,4
Register Write to Reg: 0x0B Val: 0x10010018
[inst #94] nop 
[inst #95] nop 
[inst #96] lw $20,0($11)
Register Write to Reg: 0x14 Val: 0x0000005A
[inst #97] addi $9,$9,1
Register Write to Reg: 0x09 Val: 0x00000006
[inst #98] nop 
[inst #99] slt $12,$19,$20
Register Write to Reg: 0x0C Val: 0x00000001
[inst #100] nop 
[inst #101] nop 
[inst #102] bne $12,$0,5
[inst #103] addi $8,$8,1
Register Write to Reg: 0x08 Val: 0x00000006
[inst #104] bne $9,$18,-18
[inst #105] lw $19,0($11)
Register Write to Reg: 0x13 Val: 0x0000005A
[inst #106] addi $11,$11,4
Register Write to Reg: 0x0B Val: 0x1001001C
[inst #107] nop 
[inst #108] nop 
[inst #109] lw $20,0($11)
Register Write to Reg: 0x14 Val: 0x00000064
[inst #110] addi $9,$9,1
Register Write to Reg: 0x09 Val: 0x00000007
[inst #111] nop 
[inst #112] slt $12,$19,$20
Register Write to Reg: 0x0C Val: 0x00000001
[inst #113] nop 
[inst #114] nop 
[inst #115] bne $12,$0,5
[inst #116] addi $8,$8,1
Register Write to Reg: 0x08 Val: 0x00000007
[inst #117] bne $9,$18,-18
[inst #118] lw $19,0($11)
Register Write to Reg: 0x13 Val: 0x00000064
[inst #119] addi $11,$11,4
Register Write to Reg: 0x0B Val: 0x10010020
[inst #120] nop 
[inst #121] nop 
[inst #122] lw $20,0($11)
Register Write to Reg: 0x14 Val: 0x00000000
[inst #123] addi $9,$9,1
Register Write to Reg: 0x09 Val: 0x00000008
[inst #124] nop 
[inst #125] slt $12,$19,$20
Register Write to Reg: 0x0C Val: 0x00000000
[inst #126] nop 
[inst #127] nop 
[inst #128] bne $12,$0,5
[inst #129] nop 
[inst #130] nop 
[inst #131] sw $19,0($11)
Memory Write to Addr: 0x10010020 Val: 0x00000064
[inst #132] sw $20,-4($11)
Memory Write to Addr: 0x1001001C Val: 0x00000000
[inst #133] lw $20,0($11)
Register Write to Reg: 0x14 Val: 0x00000064
[inst #134] addi $8,$8,1
Register Write to Reg: 0x08 Val: 0x00000008
[inst #135] bne $9,$18,-18
[inst #136] lw $19,0($11)
Register Write to Reg: 0x13 Val: 0x00000064
[inst #137] addi $11,$11,4
Register Write to Reg: 0x0B Val: 0x10010024
[inst #138] nop 
[inst #139] nop 
[inst #140] lw $20,0($11)
Register Write to Reg: 0x14 Val: 0x00000050
[inst #141] addi $9,$9,1
Register Write to Reg: 0x09 Val: 0x00000009
[inst #142] nop 
[inst #143] slt $12,$19,$20
Register Write to Reg: 0x0C Val: 0x00000000
[inst #144] nop 
[inst #145] nop 
[inst #146] bne $12,$0,5
[inst #147] nop 
[inst #148] nop 
[inst #149] sw $19,0($11)
Memory Write to Addr: 0x10010024 Val: 0x00000064
[inst #150] sw $20,-4($11)
Memory Write to Addr: 0x10010020 Val: 0x00000050
[inst #151] lw $20,0($11)
Register Write to Reg: 0x14 Val: 0x00000064
[inst #152] addi $8,$8,1
Register Write to Reg: 0x08 Val: 0x00000009
[inst #153] bne $9,$18,-18
[inst #154] lw $19,0($11)
Register Write to Reg: 0x13 Val: 0x00000064
[inst #155] addi $11,$11,4
Register Write to Reg: 0x0B Val: 0x10010028
[inst #156] nop 
[inst #157] nop 
[inst #158] lw $20,0($11)
Register Write to Reg: 0x14 Val: 0x00000032
[inst #159] addi $9,$9,1
Register Write to Reg: 0x09 Val: 0x0000000A
[inst #160] nop 
[inst #161] slt $12,$19,$20
Register Write to Reg: 0x0C Val: 0x00000000
[inst #162] nop 
[inst #163] nop 
[inst #164] bne $12,$0,5
[inst #165] nop 
[inst #166] nop 
[inst #167] sw $19,0($11)
Memory Write to Addr: 0x10010028 Val: 0x00000064
[inst #168] sw $20,-4($11)
Memory Write to Addr: 0x10010024 Val: 0x00000032
[inst #169] lw $20,0($11)
Register Write to Reg: 0x14 Val: 0x00000064
[inst #170] addi $8,$8,1
Register Write to Reg: 0x08 Val: 0x0000000A
[inst #171] bne $9,$18,-18
[inst #172] nop 
[inst #173] nop 
[inst #174] bne $8,$17,-24
[inst #175] nop 
[inst #176] nop 
[inst #177] addiu $8,$0,0
Register Write to Reg: 0x08 Val: 0x00000000
[inst #178] addi $17,$17,1
Register Write to Reg: 0x11 Val: 0x0000000B
[inst #179] addi $10,$10,4
Register Write to Reg: 0x0A Val: 0x10010004
[inst #180] addi $8,$8,1
Register Write to Reg: 0x08 Val: 0x00000001
[inst #181] nop 
[inst #182] nop 
[inst #183] bne $8,$17,-5
[inst #184] addi $10,$10,4
Register Write to Reg: 0x0A Val: 0x10010008
[inst #185] addi $8,$8,1
Register Write to Reg: 0x08 Val: 0x00000002
[inst #186] nop 
[inst #187] nop 
[inst #188] bne $8,$17,-5
[inst #189] addi $10,$10,4
Register Write to Reg: 0x0A Val: 0x1001000C
[inst #190] addi $8,$8,1
Register Write to Reg: 0x08 Val: 0x00000003
[inst #191] nop 
[inst #192] nop 
[inst #193] bne $8,$17,-5
[inst #194] addi $10,$10,4
Register Write to Reg: 0x0A Val: 0x10010010
[inst #195] addi $8,$8,1
Register Write to Reg: 0x08 Val: 0x00000004
[inst #196] nop 
[inst #197] nop 
[inst #198] bne $8,$17,-5
[inst #199] addi $10,$10,4
Register Write to Reg: 0x0A Val: 0x10010014
[inst #200] addi $8,$8,1
Register Write to Reg: 0x08 Val: 0x00000005
[inst #201] nop 
[inst #202] nop 
[inst #203] bne $8,$17,-5
[inst #204] addi $10,$10,4
Register Write to Reg: 0x0A Val: 0x10010018
[inst #205] addi $8,$8,1
Register Write to Reg: 0x08 Val: 0x00000006
[inst #206] nop 
[inst #207] nop 
[inst #208] bne $8,$17,-5
[inst #209] addi $10,$10,4
Register Write to Reg: 0x0A Val: 0x1001001C
[inst #210] addi $8,$8,1
Register Write to Reg: 0x08 Val: 0x00000007
[inst #211] nop 
[inst #212] nop 
[inst #213] bne $8,$17,-5
[inst #214] addi $10,$10,4
Register Write to Reg: 0x0A Val: 0x10010020
[inst #215] addi $8,$8,1
Register Write to Reg: 0x08 Val: 0x00000008
[inst #216] nop 
[inst #217] nop 
[inst #218] bne $8,$17,-5
[inst #219] addi $10,$10,4
Register Write to Reg: 0x0A Val: 0x10010024
[inst #220] addi $8,$8,1
Register Write to Reg: 0x08 Val: 0x00000009
[inst #221] nop 
[inst #222] nop 
[inst #223] bne $8,$17,-5
[inst #224] addi $10,$10,4
Register Write to Reg: 0x0A Val: 0x10010028
[inst #225] addi $8,$8,1
Register Write to Reg: 0x08 Val: 0x0000000A
[inst #226] nop 
[inst #227] nop 
[inst #228] bne $8,$17,-5
[inst #229] addi $10,$10,4
Register Write to Reg: 0x0A Val: 0x1001002C
[inst #230] addi $8,$8,1
Register Write to Reg: 0x08 Val: 0x0000000B
[inst #231] nop 
[inst #232] nop 
[inst #233] bne $8,$17,-5
[inst #234] nop 
[inst #235] nop 
[inst #236] halt 

