[inst #1] lui $1,4097
Register Write to Reg: 0x01 Val: 0x10010000
[inst #2] ori $16,$1,0
Register Write to Reg: 0x10 Val: 0x10010000
[inst #3] lui $1,4097
Register Write to Reg: 0x01 Val: 0x10010000
[inst #4] ori $21,$1,76
Register Write to Reg: 0x15 Val: 0x1001004C
[inst #5] lw $21,0($21)
Register Write to Reg: 0x15 Val: 0x00000013
[inst #6] addiu $18,$0,1
Register Write to Reg: 0x12 Val: 0x00000001
[inst #7] nop 
[inst #8] nop 
[inst #9] nop 
[inst #10] sw $18,0($16)
Memory Write to Addr: 0x10010000 Val: 0x00000001
[inst #11] nop 
[inst #12] nop 
[inst #13] nop 
[inst #14] sw $18,4($16)
Memory Write to Addr: 0x10010004 Val: 0x00000001
[inst #15] nop 
[inst #16] nop 
[inst #17] nop 
[inst #18] addi $17,$21,-2
Register Write to Reg: 0x11 Val: 0x00000011
[inst #19] lw $19,0($16)
Register Write to Reg: 0x13 Val: 0x00000001
[inst #20] nop 
[inst #21] nop 
[inst #22] nop 
[inst #23] nop 
[inst #24] lw $20,4($16)
Register Write to Reg: 0x14 Val: 0x00000001
[inst #25] nop 
[inst #26] nop 
[inst #27] nop 
[inst #28] nop 
[inst #29] add $18,$19,$20
Register Write to Reg: 0x12 Val: 0x00000002
[inst #30] nop 
[inst #31] nop 
[inst #32] nop 
[inst #33] nop 
[inst #34] sw $18,8($16)
Memory Write to Addr: 0x10010008 Val: 0x00000002
[inst #35] nop 
[inst #36] nop 
[inst #37] nop 
[inst #38] addi $16,$16,4
Register Write to Reg: 0x10 Val: 0x10010004
[inst #39] addi $17,$17,-1
Register Write to Reg: 0x11 Val: 0x00000010
[inst #40] bne $17,$0,-22
[inst #41] lw $19,0($16)
Register Write to Reg: 0x13 Val: 0x00000001
[inst #42] nop 
[inst #43] nop 
[inst #44] nop 
[inst #45] nop 
[inst #46] lw $20,4($16)
Register Write to Reg: 0x14 Val: 0x00000002
[inst #47] nop 
[inst #48] nop 
[inst #49] nop 
[inst #50] nop 
[inst #51] add $18,$19,$20
Register Write to Reg: 0x12 Val: 0x00000003
[inst #52] nop 
[inst #53] nop 
[inst #54] nop 
[inst #55] nop 
[inst #56] sw $18,8($16)
Memory Write to Addr: 0x1001000C Val: 0x00000003
[inst #57] nop 
[inst #58] nop 
[inst #59] nop 
[inst #60] addi $16,$16,4
Register Write to Reg: 0x10 Val: 0x10010008
[inst #61] addi $17,$17,-1
Register Write to Reg: 0x11 Val: 0x0000000F
[inst #62] bne $17,$0,-22
[inst #63] lw $19,0($16)
Register Write to Reg: 0x13 Val: 0x00000002
[inst #64] nop 
[inst #65] nop 
[inst #66] nop 
[inst #67] nop 
[inst #68] lw $20,4($16)
Register Write to Reg: 0x14 Val: 0x00000003
[inst #69] nop 
[inst #70] nop 
[inst #71] nop 
[inst #72] nop 
[inst #73] add $18,$19,$20
Register Write to Reg: 0x12 Val: 0x00000005
[inst #74] nop 
[inst #75] nop 
[inst #76] nop 
[inst #77] nop 
[inst #78] sw $18,8($16)
Memory Write to Addr: 0x10010010 Val: 0x00000005
[inst #79] nop 
[inst #80] nop 
[inst #81] nop 
[inst #82] addi $16,$16,4
Register Write to Reg: 0x10 Val: 0x1001000C
[inst #83] addi $17,$17,-1
Register Write to Reg: 0x11 Val: 0x0000000E
[inst #84] bne $17,$0,-22
[inst #85] lw $19,0($16)
Register Write to Reg: 0x13 Val: 0x00000003
[inst #86] nop 
[inst #87] nop 
[inst #88] nop 
[inst #89] nop 
[inst #90] lw $20,4($16)
Register Write to Reg: 0x14 Val: 0x00000005
[inst #91] nop 
[inst #92] nop 
[inst #93] nop 
[inst #94] nop 
[inst #95] add $18,$19,$20
Register Write to Reg: 0x12 Val: 0x00000008
[inst #96] nop 
[inst #97] nop 
[inst #98] nop 
[inst #99] nop 
[inst #100] sw $18,8($16)
Memory Write to Addr: 0x10010014 Val: 0x00000008
[inst #101] nop 
[inst #102] nop 
[inst #103] nop 
[inst #104] addi $16,$16,4
Register Write to Reg: 0x10 Val: 0x10010010
[inst #105] addi $17,$17,-1
Register Write to Reg: 0x11 Val: 0x0000000D
[inst #106] bne $17,$0,-22
[inst #107] lw $19,0($16)
Register Write to Reg: 0x13 Val: 0x00000005
[inst #108] nop 
[inst #109] nop 
[inst #110] nop 
[inst #111] nop 
[inst #112] lw $20,4($16)
Register Write to Reg: 0x14 Val: 0x00000008
[inst #113] nop 
[inst #114] nop 
[inst #115] nop 
[inst #116] nop 
[inst #117] add $18,$19,$20
Register Write to Reg: 0x12 Val: 0x0000000D
[inst #118] nop 
[inst #119] nop 
[inst #120] nop 
[inst #121] nop 
[inst #122] sw $18,8($16)
Memory Write to Addr: 0x10010018 Val: 0x0000000D
[inst #123] nop 
[inst #124] nop 
[inst #125] nop 
[inst #126] addi $16,$16,4
Register Write to Reg: 0x10 Val: 0x10010014
[inst #127] addi $17,$17,-1
Register Write to Reg: 0x11 Val: 0x0000000C
[inst #128] bne $17,$0,-22
[inst #129] lw $19,0($16)
Register Write to Reg: 0x13 Val: 0x00000008
[inst #130] nop 
[inst #131] nop 
[inst #132] nop 
[inst #133] nop 
[inst #134] lw $20,4($16)
Register Write to Reg: 0x14 Val: 0x0000000D
[inst #135] nop 
[inst #136] nop 
[inst #137] nop 
[inst #138] nop 
[inst #139] add $18,$19,$20
Register Write to Reg: 0x12 Val: 0x00000015
[inst #140] nop 
[inst #141] nop 
[inst #142] nop 
[inst #143] nop 
[inst #144] sw $18,8($16)
Memory Write to Addr: 0x1001001C Val: 0x00000015
[inst #145] nop 
[inst #146] nop 
[inst #147] nop 
[inst #148] addi $16,$16,4
Register Write to Reg: 0x10 Val: 0x10010018
[inst #149] addi $17,$17,-1
Register Write to Reg: 0x11 Val: 0x0000000B
[inst #150] bne $17,$0,-22
[inst #151] lw $19,0($16)
Register Write to Reg: 0x13 Val: 0x0000000D
[inst #152] nop 
[inst #153] nop 
[inst #154] nop 
[inst #155] nop 
[inst #156] lw $20,4($16)
Register Write to Reg: 0x14 Val: 0x00000015
[inst #157] nop 
[inst #158] nop 
[inst #159] nop 
[inst #160] nop 
[inst #161] add $18,$19,$20
Register Write to Reg: 0x12 Val: 0x00000022
[inst #162] nop 
[inst #163] nop 
[inst #164] nop 
[inst #165] nop 
[inst #166] sw $18,8($16)
Memory Write to Addr: 0x10010020 Val: 0x00000022
[inst #167] nop 
[inst #168] nop 
[inst #169] nop 
[inst #170] addi $16,$16,4
Register Write to Reg: 0x10 Val: 0x1001001C
[inst #171] addi $17,$17,-1
Register Write to Reg: 0x11 Val: 0x0000000A
[inst #172] bne $17,$0,-22
[inst #173] lw $19,0($16)
Register Write to Reg: 0x13 Val: 0x00000015
[inst #174] nop 
[inst #175] nop 
[inst #176] nop 
[inst #177] nop 
[inst #178] lw $20,4($16)
Register Write to Reg: 0x14 Val: 0x00000022
[inst #179] nop 
[inst #180] nop 
[inst #181] nop 
[inst #182] nop 
[inst #183] add $18,$19,$20
Register Write to Reg: 0x12 Val: 0x00000037
[inst #184] nop 
[inst #185] nop 
[inst #186] nop 
[inst #187] nop 
[inst #188] sw $18,8($16)
Memory Write to Addr: 0x10010024 Val: 0x00000037
[inst #189] nop 
[inst #190] nop 
[inst #191] nop 
[inst #192] addi $16,$16,4
Register Write to Reg: 0x10 Val: 0x10010020
[inst #193] addi $17,$17,-1
Register Write to Reg: 0x11 Val: 0x00000009
[inst #194] bne $17,$0,-22
[inst #195] lw $19,0($16)
Register Write to Reg: 0x13 Val: 0x00000022
[inst #196] nop 
[inst #197] nop 
[inst #198] nop 
[inst #199] nop 
[inst #200] lw $20,4($16)
Register Write to Reg: 0x14 Val: 0x00000037
[inst #201] nop 
[inst #202] nop 
[inst #203] nop 
[inst #204] nop 
[inst #205] add $18,$19,$20
Register Write to Reg: 0x12 Val: 0x00000059
[inst #206] nop 
[inst #207] nop 
[inst #208] nop 
[inst #209] nop 
[inst #210] sw $18,8($16)
Memory Write to Addr: 0x10010028 Val: 0x00000059
[inst #211] nop 
[inst #212] nop 
[inst #213] nop 
[inst #214] addi $16,$16,4
Register Write to Reg: 0x10 Val: 0x10010024
[inst #215] addi $17,$17,-1
Register Write to Reg: 0x11 Val: 0x00000008
[inst #216] bne $17,$0,-22
[inst #217] lw $19,0($16)
Register Write to Reg: 0x13 Val: 0x00000037
[inst #218] nop 
[inst #219] nop 
[inst #220] nop 
[inst #221] nop 
[inst #222] lw $20,4($16)
Register Write to Reg: 0x14 Val: 0x00000059
[inst #223] nop 
[inst #224] nop 
[inst #225] nop 
[inst #226] nop 
[inst #227] add $18,$19,$20
Register Write to Reg: 0x12 Val: 0x00000090
[inst #228] nop 
[inst #229] nop 
[inst #230] nop 
[inst #231] nop 
[inst #232] sw $18,8($16)
Memory Write to Addr: 0x1001002C Val: 0x00000090
[inst #233] nop 
[inst #234] nop 
[inst #235] nop 
[inst #236] addi $16,$16,4
Register Write to Reg: 0x10 Val: 0x10010028
[inst #237] addi $17,$17,-1
Register Write to Reg: 0x11 Val: 0x00000007
[inst #238] bne $17,$0,-22
[inst #239] lw $19,0($16)
Register Write to Reg: 0x13 Val: 0x00000059
[inst #240] nop 
[inst #241] nop 
[inst #242] nop 
[inst #243] nop 
[inst #244] lw $20,4($16)
Register Write to Reg: 0x14 Val: 0x00000090
[inst #245] nop 
[inst #246] nop 
[inst #247] nop 
[inst #248] nop 
[inst #249] add $18,$19,$20
Register Write to Reg: 0x12 Val: 0x000000E9
[inst #250] nop 
[inst #251] nop 
[inst #252] nop 
[inst #253] nop 
[inst #254] sw $18,8($16)
Memory Write to Addr: 0x10010030 Val: 0x000000E9
[inst #255] nop 
[inst #256] nop 
[inst #257] nop 
[inst #258] addi $16,$16,4
Register Write to Reg: 0x10 Val: 0x1001002C
[inst #259] addi $17,$17,-1
Register Write to Reg: 0x11 Val: 0x00000006
[inst #260] bne $17,$0,-22
[inst #261] lw $19,0($16)
Register Write to Reg: 0x13 Val: 0x00000090
[inst #262] nop 
[inst #263] nop 
[inst #264] nop 
[inst #265] nop 
[inst #266] lw $20,4($16)
Register Write to Reg: 0x14 Val: 0x000000E9
[inst #267] nop 
[inst #268] nop 
[inst #269] nop 
[inst #270] nop 
[inst #271] add $18,$19,$20
Register Write to Reg: 0x12 Val: 0x00000179
[inst #272] nop 
[inst #273] nop 
[inst #274] nop 
[inst #275] nop 
[inst #276] sw $18,8($16)
Memory Write to Addr: 0x10010034 Val: 0x00000179
[inst #277] nop 
[inst #278] nop 
[inst #279] nop 
[inst #280] addi $16,$16,4
Register Write to Reg: 0x10 Val: 0x10010030
[inst #281] addi $17,$17,-1
Register Write to Reg: 0x11 Val: 0x00000005
[inst #282] bne $17,$0,-22
[inst #283] lw $19,0($16)
Register Write to Reg: 0x13 Val: 0x000000E9
[inst #284] nop 
[inst #285] nop 
[inst #286] nop 
[inst #287] nop 
[inst #288] lw $20,4($16)
Register Write to Reg: 0x14 Val: 0x00000179
[inst #289] nop 
[inst #290] nop 
[inst #291] nop 
[inst #292] nop 
[inst #293] add $18,$19,$20
Register Write to Reg: 0x12 Val: 0x00000262
[inst #294] nop 
[inst #295] nop 
[inst #296] nop 
[inst #297] nop 
[inst #298] sw $18,8($16)
Memory Write to Addr: 0x10010038 Val: 0x00000262
[inst #299] nop 
[inst #300] nop 
[inst #301] nop 
[inst #302] addi $16,$16,4
Register Write to Reg: 0x10 Val: 0x10010034
[inst #303] addi $17,$17,-1
Register Write to Reg: 0x11 Val: 0x00000004
[inst #304] bne $17,$0,-22
[inst #305] lw $19,0($16)
Register Write to Reg: 0x13 Val: 0x00000179
[inst #306] nop 
[inst #307] nop 
[inst #308] nop 
[inst #309] nop 
[inst #310] lw $20,4($16)
Register Write to Reg: 0x14 Val: 0x00000262
[inst #311] nop 
[inst #312] nop 
[inst #313] nop 
[inst #314] nop 
[inst #315] add $18,$19,$20
Register Write to Reg: 0x12 Val: 0x000003DB
[inst #316] nop 
[inst #317] nop 
[inst #318] nop 
[inst #319] nop 
[inst #320] sw $18,8($16)
Memory Write to Addr: 0x1001003C Val: 0x000003DB
[inst #321] nop 
[inst #322] nop 
[inst #323] nop 
[inst #324] addi $16,$16,4
Register Write to Reg: 0x10 Val: 0x10010038
[inst #325] addi $17,$17,-1
Register Write to Reg: 0x11 Val: 0x00000003
[inst #326] bne $17,$0,-22
[inst #327] lw $19,0($16)
Register Write to Reg: 0x13 Val: 0x00000262
[inst #328] nop 
[inst #329] nop 
[inst #330] nop 
[inst #331] nop 
[inst #332] lw $20,4($16)
Register Write to Reg: 0x14 Val: 0x000003DB
[inst #333] nop 
[inst #334] nop 
[inst #335] nop 
[inst #336] nop 
[inst #337] add $18,$19,$20
Register Write to Reg: 0x12 Val: 0x0000063D
[inst #338] nop 
[inst #339] nop 
[inst #340] nop 
[inst #341] nop 
[inst #342] sw $18,8($16)
Memory Write to Addr: 0x10010040 Val: 0x0000063D
[inst #343] nop 
[inst #344] nop 
[inst #345] nop 
[inst #346] addi $16,$16,4
Register Write to Reg: 0x10 Val: 0x1001003C
[inst #347] addi $17,$17,-1
Register Write to Reg: 0x11 Val: 0x00000002
[inst #348] bne $17,$0,-22
[inst #349] lw $19,0($16)
Register Write to Reg: 0x13 Val: 0x000003DB
[inst #350] nop 
[inst #351] nop 
[inst #352] nop 
[inst #353] nop 
[inst #354] lw $20,4($16)
Register Write to Reg: 0x14 Val: 0x0000063D
[inst #355] nop 
[inst #356] nop 
[inst #357] nop 
[inst #358] nop 
[inst #359] add $18,$19,$20
Register Write to Reg: 0x12 Val: 0x00000A18
[inst #360] nop 
[inst #361] nop 
[inst #362] nop 
[inst #363] nop 
[inst #364] sw $18,8($16)
Memory Write to Addr: 0x10010044 Val: 0x00000A18
[inst #365] nop 
[inst #366] nop 
[inst #367] nop 
[inst #368] addi $16,$16,4
Register Write to Reg: 0x10 Val: 0x10010040
[inst #369] addi $17,$17,-1
Register Write to Reg: 0x11 Val: 0x00000001
[inst #370] bne $17,$0,-22
[inst #371] lw $19,0($16)
Register Write to Reg: 0x13 Val: 0x0000063D
[inst #372] nop 
[inst #373] nop 
[inst #374] nop 
[inst #375] nop 
[inst #376] lw $20,4($16)
Register Write to Reg: 0x14 Val: 0x00000A18
[inst #377] nop 
[inst #378] nop 
[inst #379] nop 
[inst #380] nop 
[inst #381] add $18,$19,$20
Register Write to Reg: 0x12 Val: 0x00001055
[inst #382] nop 
[inst #383] nop 
[inst #384] nop 
[inst #385] nop 
[inst #386] sw $18,8($16)
Memory Write to Addr: 0x10010048 Val: 0x00001055
[inst #387] nop 
[inst #388] nop 
[inst #389] nop 
[inst #390] addi $16,$16,4
Register Write to Reg: 0x10 Val: 0x10010044
[inst #391] addi $17,$17,-1
Register Write to Reg: 0x11 Val: 0x00000000
[inst #392] bne $17,$0,-22
[inst #393] nop 
[inst #394] nop 
[inst #395] lui $1,4097
Register Write to Reg: 0x01 Val: 0x10010000
[inst #396] ori $4,$1,0
Register Write to Reg: 0x04 Val: 0x10010000
[inst #397] nop 
[inst #398] nop 
[inst #399] nop 
[inst #400] add $5,$0,$21
Register Write to Reg: 0x05 Val: 0x00000013
[inst #401] nop 
[inst #402] nop 
[inst #403] nop 
[inst #404] nop 
[inst #405] nop 
[inst #406] halt 

