[inst #1] lui $16,4097
Register Write to Reg: 0x10 Val: 0x10010000
[inst #2] addiu $8,$0,0
Register Write to Reg: 0x08 Val: 0x00000000
[inst #3] addiu $9,$0,0
Register Write to Reg: 0x09 Val: 0x00000000
[inst #4] addiu $17,$0,11
Register Write to Reg: 0x11 Val: 0x0000000B
[inst #5] addiu $18,$0,11
Register Write to Reg: 0x12 Val: 0x0000000B
[inst #6] add $10,$0,$16
Register Write to Reg: 0x0A Val: 0x10010000
[inst #7] add $11,$0,$16
Register Write to Reg: 0x0B Val: 0x10010000
[inst #8] addi $17,$17,-1
Register Write to Reg: 0x11 Val: 0x0000000A
[inst #9] add $11,$0,$16
Register Write to Reg: 0x0B Val: 0x10010000
[inst #10] addiu $9,$0,0
Register Write to Reg: 0x09 Val: 0x00000000
[inst #11] addi $18,$18,-1
Register Write to Reg: 0x12 Val: 0x0000000A
[inst #12] lw $19,0($11)
Register Write to Reg: 0x13 Val: 0x0000000A
[inst #13] addi $11,$11,4
Register Write to Reg: 0x0B Val: 0x10010004
[inst #14] nop 
[inst #15] nop 
[inst #16] nop 
[inst #17] lw $20,0($11)
Register Write to Reg: 0x14 Val: 0x0000003C
[inst #18] addi $9,$9,1
Register Write to Reg: 0x09 Val: 0x00000001
[inst #19] nop 
[inst #20] nop 
[inst #21] slt $12,$19,$20
Register Write to Reg: 0x0C Val: 0x00000001
[inst #22] nop 
[inst #23] nop 
[inst #24] nop 
[inst #25] bne $12,$0,5
[inst #26] addi $8,$8,1
Register Write to Reg: 0x08 Val: 0x00000001
[inst #27] bne $9,$18,-21
[inst #28] lw $19,0($11)
Register Write to Reg: 0x13 Val: 0x0000003C
[inst #29] addi $11,$11,4
Register Write to Reg: 0x0B Val: 0x10010008
[inst #30] nop 
[inst #31] nop 
[inst #32] nop 
[inst #33] lw $20,0($11)
Register Write to Reg: 0x14 Val: 0x00000028
[inst #34] addi $9,$9,1
Register Write to Reg: 0x09 Val: 0x00000002
[inst #35] nop 
[inst #36] nop 
[inst #37] slt $12,$19,$20
Register Write to Reg: 0x0C Val: 0x00000000
[inst #38] nop 
[inst #39] nop 
[inst #40] nop 
[inst #41] bne $12,$0,5
[inst #42] nop 
[inst #43] nop 
[inst #44] sw $19,0($11)
Memory Write to Addr: 0x10010008 Val: 0x0000003C
[inst #45] sw $20,-4($11)
Memory Write to Addr: 0x10010004 Val: 0x00000028
[inst #46] lw $20,0($11)
Register Write to Reg: 0x14 Val: 0x0000003C
[inst #47] addi $8,$8,1
Register Write to Reg: 0x08 Val: 0x00000002
[inst #48] bne $9,$18,-21
[inst #49] lw $19,0($11)
Register Write to Reg: 0x13 Val: 0x0000003C
[inst #50] addi $11,$11,4
Register Write to Reg: 0x0B Val: 0x1001000C
[inst #51] nop 
[inst #52] nop 
[inst #53] nop 
[inst #54] lw $20,0($11)
Register Write to Reg: 0x14 Val: 0x00000046
[inst #55] addi $9,$9,1
Register Write to Reg: 0x09 Val: 0x00000003
[inst #56] nop 
[inst #57] nop 
[inst #58] slt $12,$19,$20
Register Write to Reg: 0x0C Val: 0x00000001
[inst #59] nop 
[inst #60] nop 
[inst #61] nop 
[inst #62] bne $12,$0,5
[inst #63] addi $8,$8,1
Register Write to Reg: 0x08 Val: 0x00000003
[inst #64] bne $9,$18,-21
[inst #65] lw $19,0($11)
Register Write to Reg: 0x13 Val: 0x00000046
[inst #66] addi $11,$11,4
Register Write to Reg: 0x0B Val: 0x10010010
[inst #67] nop 
[inst #68] nop 
[inst #69] nop 
[inst #70] lw $20,0($11)
Register Write to Reg: 0x14 Val: 0x00000014
[inst #71] addi $9,$9,1
Register Write to Reg: 0x09 Val: 0x00000004
[inst #72] nop 
[inst #73] nop 
[inst #74] slt $12,$19,$20
Register Write to Reg: 0x0C Val: 0x00000000
[inst #75] nop 
[inst #76] nop 
[inst #77] nop 
[inst #78] bne $12,$0,5
[inst #79] nop 
[inst #80] nop 
[inst #81] sw $19,0($11)
Memory Write to Addr: 0x10010010 Val: 0x00000046
[inst #82] sw $20,-4($11)
Memory Write to Addr: 0x1001000C Val: 0x00000014
[inst #83] lw $20,0($11)
Register Write to Reg: 0x14 Val: 0x00000046
[inst #84] addi $8,$8,1
Register Write to Reg: 0x08 Val: 0x00000004
[inst #85] bne $9,$18,-21
[inst #86] lw $19,0($11)
Register Write to Reg: 0x13 Val: 0x00000046
[inst #87] addi $11,$11,4
Register Write to Reg: 0x0B Val: 0x10010014
[inst #88] nop 
[inst #89] nop 
[inst #90] nop 
[inst #91] lw $20,0($11)
Register Write to Reg: 0x14 Val: 0x0000001E
[inst #92] addi $9,$9,1
Register Write to Reg: 0x09 Val: 0x00000005
[inst #93] nop 
[inst #94] nop 
[inst #95] slt $12,$19,$20
Register Write to Reg: 0x0C Val: 0x00000000
[inst #96] nop 
[inst #97] nop 
[inst #98] nop 
[inst #99] bne $12,$0,5
[inst #100] nop 
[inst #101] nop 
[inst #102] sw $19,0($11)
Memory Write to Addr: 0x10010014 Val: 0x00000046
[inst #103] sw $20,-4($11)
Memory Write to Addr: 0x10010010 Val: 0x0000001E
[inst #104] lw $20,0($11)
Register Write to Reg: 0x14 Val: 0x00000046
[inst #105] addi $8,$8,1
Register Write to Reg: 0x08 Val: 0x00000005
[inst #106] bne $9,$18,-21
[inst #107] lw $19,0($11)
Register Write to Reg: 0x13 Val: 0x00000046
[inst #108] addi $11,$11,4
Register Write to Reg: 0x0B Val: 0x10010018
[inst #109] nop 
[inst #110] nop 
[inst #111] nop 
[inst #112] lw $20,0($11)
Register Write to Reg: 0x14 Val: 0x0000005A
[inst #113] addi $9,$9,1
Register Write to Reg: 0x09 Val: 0x00000006
[inst #114] nop 
[inst #115] nop 
[inst #116] slt $12,$19,$20
Register Write to Reg: 0x0C Val: 0x00000001
[inst #117] nop 
[inst #118] nop 
[inst #119] nop 
[inst #120] bne $12,$0,5
[inst #121] addi $8,$8,1
Register Write to Reg: 0x08 Val: 0x00000006
[inst #122] bne $9,$18,-21
[inst #123] lw $19,0($11)
Register Write to Reg: 0x13 Val: 0x0000005A
[inst #124] addi $11,$11,4
Register Write to Reg: 0x0B Val: 0x1001001C
[inst #125] nop 
[inst #126] nop 
[inst #127] nop 
[inst #128] lw $20,0($11)
Register Write to Reg: 0x14 Val: 0x00000064
[inst #129] addi $9,$9,1
Register Write to Reg: 0x09 Val: 0x00000007
[inst #130] nop 
[inst #131] nop 
[inst #132] slt $12,$19,$20
Register Write to Reg: 0x0C Val: 0x00000001
[inst #133] nop 
[inst #134] nop 
[inst #135] nop 
[inst #136] bne $12,$0,5
[inst #137] addi $8,$8,1
Register Write to Reg: 0x08 Val: 0x00000007
[inst #138] bne $9,$18,-21
[inst #139] lw $19,0($11)
Register Write to Reg: 0x13 Val: 0x00000064
[inst #140] addi $11,$11,4
Register Write to Reg: 0x0B Val: 0x10010020
[inst #141] nop 
[inst #142] nop 
[inst #143] nop 
[inst #144] lw $20,0($11)
Register Write to Reg: 0x14 Val: 0x00000000
[inst #145] addi $9,$9,1
Register Write to Reg: 0x09 Val: 0x00000008
[inst #146] nop 
[inst #147] nop 
[inst #148] slt $12,$19,$20
Register Write to Reg: 0x0C Val: 0x00000000
[inst #149] nop 
[inst #150] nop 
[inst #151] nop 
[inst #152] bne $12,$0,5
[inst #153] nop 
[inst #154] nop 
[inst #155] sw $19,0($11)
Memory Write to Addr: 0x10010020 Val: 0x00000064
[inst #156] sw $20,-4($11)
Memory Write to Addr: 0x1001001C Val: 0x00000000
[inst #157] lw $20,0($11)
Register Write to Reg: 0x14 Val: 0x00000064
[inst #158] addi $8,$8,1
Register Write to Reg: 0x08 Val: 0x00000008
[inst #159] bne $9,$18,-21
[inst #160] lw $19,0($11)
Register Write to Reg: 0x13 Val: 0x00000064
[inst #161] addi $11,$11,4
Register Write to Reg: 0x0B Val: 0x10010024
[inst #162] nop 
[inst #163] nop 
[inst #164] nop 
[inst #165] lw $20,0($11)
Register Write to Reg: 0x14 Val: 0x00000050
[inst #166] addi $9,$9,1
Register Write to Reg: 0x09 Val: 0x00000009
[inst #167] nop 
[inst #168] nop 
[inst #169] slt $12,$19,$20
Register Write to Reg: 0x0C Val: 0x00000000
[inst #170] nop 
[inst #171] nop 
[inst #172] nop 
[inst #173] bne $12,$0,5
[inst #174] nop 
[inst #175] nop 
[inst #176] sw $19,0($11)
Memory Write to Addr: 0x10010024 Val: 0x00000064
[inst #177] sw $20,-4($11)
Memory Write to Addr: 0x10010020 Val: 0x00000050
[inst #178] lw $20,0($11)
Register Write to Reg: 0x14 Val: 0x00000064
[inst #179] addi $8,$8,1
Register Write to Reg: 0x08 Val: 0x00000009
[inst #180] bne $9,$18,-21
[inst #181] lw $19,0($11)
Register Write to Reg: 0x13 Val: 0x00000064
[inst #182] addi $11,$11,4
Register Write to Reg: 0x0B Val: 0x10010028
[inst #183] nop 
[inst #184] nop 
[inst #185] nop 
[inst #186] lw $20,0($11)
Register Write to Reg: 0x14 Val: 0x00000032
[inst #187] addi $9,$9,1
Register Write to Reg: 0x09 Val: 0x0000000A
[inst #188] nop 
[inst #189] nop 
[inst #190] slt $12,$19,$20
Register Write to Reg: 0x0C Val: 0x00000000
[inst #191] nop 
[inst #192] nop 
[inst #193] nop 
[inst #194] bne $12,$0,5
[inst #195] nop 
[inst #196] nop 
[inst #197] sw $19,0($11)
Memory Write to Addr: 0x10010028 Val: 0x00000064
[inst #198] sw $20,-4($11)
Memory Write to Addr: 0x10010024 Val: 0x00000032
[inst #199] lw $20,0($11)
Register Write to Reg: 0x14 Val: 0x00000064
[inst #200] addi $8,$8,1
Register Write to Reg: 0x08 Val: 0x0000000A
[inst #201] bne $9,$18,-21
[inst #202] nop 
[inst #203] nop 
[inst #204] bne $8,$17,-27
[inst #205] nop 
[inst #206] nop 
[inst #207] addiu $8,$0,0
Register Write to Reg: 0x08 Val: 0x00000000
[inst #208] addi $17,$17,1
Register Write to Reg: 0x11 Val: 0x0000000B
[inst #209] nop 
[inst #210] nop 
[inst #211] addi $8,$8,1
Register Write to Reg: 0x08 Val: 0x00000001
[inst #212] addi $10,$10,4
Register Write to Reg: 0x0A Val: 0x10010004
[inst #213] nop 
[inst #214] nop 
[inst #215] bne $8,$17,-7
[inst #216] nop 
[inst #217] nop 
[inst #218] addi $8,$8,1
Register Write to Reg: 0x08 Val: 0x00000002
[inst #219] addi $10,$10,4
Register Write to Reg: 0x0A Val: 0x10010008
[inst #220] nop 
[inst #221] nop 
[inst #222] bne $8,$17,-7
[inst #223] nop 
[inst #224] nop 
[inst #225] addi $8,$8,1
Register Write to Reg: 0x08 Val: 0x00000003
[inst #226] addi $10,$10,4
Register Write to Reg: 0x0A Val: 0x1001000C
[inst #227] nop 
[inst #228] nop 
[inst #229] bne $8,$17,-7
[inst #230] nop 
[inst #231] nop 
[inst #232] addi $8,$8,1
Register Write to Reg: 0x08 Val: 0x00000004
[inst #233] addi $10,$10,4
Register Write to Reg: 0x0A Val: 0x10010010
[inst #234] nop 
[inst #235] nop 
[inst #236] bne $8,$17,-7
[inst #237] nop 
[inst #238] nop 
[inst #239] addi $8,$8,1
Register Write to Reg: 0x08 Val: 0x00000005
[inst #240] addi $10,$10,4
Register Write to Reg: 0x0A Val: 0x10010014
[inst #241] nop 
[inst #242] nop 
[inst #243] bne $8,$17,-7
[inst #244] nop 
[inst #245] nop 
[inst #246] addi $8,$8,1
Register Write to Reg: 0x08 Val: 0x00000006
[inst #247] addi $10,$10,4
Register Write to Reg: 0x0A Val: 0x10010018
[inst #248] nop 
[inst #249] nop 
[inst #250] bne $8,$17,-7
[inst #251] nop 
[inst #252] nop 
[inst #253] addi $8,$8,1
Register Write to Reg: 0x08 Val: 0x00000007
[inst #254] addi $10,$10,4
Register Write to Reg: 0x0A Val: 0x1001001C
[inst #255] nop 
[inst #256] nop 
[inst #257] bne $8,$17,-7
[inst #258] nop 
[inst #259] nop 
[inst #260] addi $8,$8,1
Register Write to Reg: 0x08 Val: 0x00000008
[inst #261] addi $10,$10,4
Register Write to Reg: 0x0A Val: 0x10010020
[inst #262] nop 
[inst #263] nop 
[inst #264] bne $8,$17,-7
[inst #265] nop 
[inst #266] nop 
[inst #267] addi $8,$8,1
Register Write to Reg: 0x08 Val: 0x00000009
[inst #268] addi $10,$10,4
Register Write to Reg: 0x0A Val: 0x10010024
[inst #269] nop 
[inst #270] nop 
[inst #271] bne $8,$17,-7
[inst #272] nop 
[inst #273] nop 
[inst #274] addi $8,$8,1
Register Write to Reg: 0x08 Val: 0x0000000A
[inst #275] addi $10,$10,4
Register Write to Reg: 0x0A Val: 0x10010028
[inst #276] nop 
[inst #277] nop 
[inst #278] bne $8,$17,-7
[inst #279] nop 
[inst #280] nop 
[inst #281] addi $8,$8,1
Register Write to Reg: 0x08 Val: 0x0000000B
[inst #282] addi $10,$10,4
Register Write to Reg: 0x0A Val: 0x1001002C
[inst #283] nop 
[inst #284] nop 
[inst #285] bne $8,$17,-7
[inst #286] nop 
[inst #287] nop 
[inst #288] halt 

